#
# There is insufficient memory for the Java Runtime Environment to continue.
# Native memory allocation (mmap) failed to map 162529280 bytes. Error detail: G1 virtual space
# Possible reasons:
#   The system is out of physical RAM or swap space
#   This process is running with CompressedOops enabled, and the Java Heap may be blocking the growth of the native heap
# Possible solutions:
#   Reduce memory load on the system
#   Increase physical memory or swap space
#   Check if swap backing store is full
#   Decrease Java heap size (-Xmx/-Xms)
#   Decrease number of Java threads
#   Decrease Java thread stack sizes (-Xss)
#   Set larger code cache with -XX:ReservedCodeCacheSize=
#   JVM is running with Unscaled Compressed Oops mode in which the Java heap is
#     placed in the first 4GB address space. The Java Heap base address is the
#     maximum limit for the native heap growth. Please use -XX:HeapBaseMinAddress
#     to set the Java Heap base and to place the Java Heap above 4GB virtual address.
# This output file may be truncated or incomplete.
#
#  Out of Memory Error (os_windows.cpp:3736), pid=9884, tid=19168
#
# JRE version: OpenJDK Runtime Environment Microsoft-11369940 (21.0.7+6) (build 21.0.7+6-LTS)
# Java VM: OpenJDK 64-Bit Server VM Microsoft-11369940 (21.0.7+6-LTS, mixed mode, emulated-client, sharing, tiered, compressed oops, compressed class ptrs, g1 gc, windows-amd64)
# No core dump will be written. Minidumps are not enabled by default on client versions of Windows
#

---------------  S U M M A R Y ------------

Command Line: -XX:TieredStopAtLevel=1 -Dspring.output.ansi.enabled=always -Dcom.sun.management.jmxremote -Dspring.jmx.enabled=true -Dspring.liveBeansView.mbeanDomain -Dspring.application.admin.enabled=true -Dmanagement.endpoints.jmx.exposure.include=* -javaagent:C:\Program Files\JetBrains\IntelliJ IDEA 2024.3.4.1\lib\idea_rt.jar=58075 -Dfile.encoding=UTF-8 -Dsun.stdout.encoding=UTF-8 -Dsun.stderr.encoding=UTF-8 com.example.datn.DatnApplication

Host: 11th Gen Intel(R) Core(TM) i5-11400H @ 2.70GHz, 12 cores, 7G,  Windows 10 , 64 bit Build 19041 (10.0.19041.5915)
Time: Sat Jul 26 17:42:27 2025 SE Asia Standard Time elapsed time: 5.962911 seconds (0d 0h 0m 5s)

---------------  T H R E A D  ---------------

Current thread (0x0000019b267be1f0):  VMThread "VM Thread"          [id=19168, stack(0x00000027e2800000,0x00000027e2900000) (1024K)]

Stack: [0x00000027e2800000,0x00000027e2900000]
Native frames: (J=compiled Java code, j=interpreted, Vv=VM code, C=native code)
V  [jvm.dll+0x6d4bb9]
V  [jvm.dll+0x8afa11]
V  [jvm.dll+0x8b1f3e]
V  [jvm.dll+0x8b2623]
V  [jvm.dll+0x280816]
V  [jvm.dll+0x6d1385]
V  [jvm.dll+0x6c552a]
V  [jvm.dll+0x35b978]
V  [jvm.dll+0x3635f6]
V  [jvm.dll+0x3b4b9e]
V  [jvm.dll+0x3b4e48]
V  [jvm.dll+0x32f9bc]
V  [jvm.dll+0x32fa47]
V  [jvm.dll+0x373aec]
V  [jvm.dll+0x3722f8]
V  [jvm.dll+0x32f181]
V  [jvm.dll+0x37195a]
V  [jvm.dll+0x8b834f]
V  [jvm.dll+0x8b9704]
V  [jvm.dll+0x8b9c40]
V  [jvm.dll+0x8b9ee3]
V  [jvm.dll+0x85916b]
V  [jvm.dll+0x6d327d]
C  [ucrtbase.dll+0x21bb2]
C  [KERNEL32.DLL+0x17374]
C  [ntdll.dll+0x4cc91]

VM_Operation (0x00000027e44f7d90): G1CollectForAllocation, mode: safepoint, requested by thread 0x0000019b6c9bb7a0


---------------  P R O C E S S  ---------------

Threads class SMR info:
_java_thread_list=0x0000019b6e82d950, length=26, elements={
0x0000019b15a4f6e0, 0x0000019b267dacc0, 0x0000019b267dbbd0, 0x0000019b267dfa00,
0x0000019b267e15c0, 0x0000019b267e2290, 0x0000019b267e2ce0, 0x0000019b267f0c50,
0x0000019b267ae910, 0x0000019b268fb0c0, 0x0000019b26bd1bf0, 0x0000019b26bd26a0,
0x0000019b6c1d5b80, 0x0000019b6c1d61e0, 0x0000019b6c486ce0, 0x0000019b6c4cabc0,
0x0000019b6c4b7be0, 0x0000019b6c519ca0, 0x0000019b6c9bb110, 0x0000019b6c9bb7a0,
0x0000019b6c9ba3f0, 0x0000019b6e13d160, 0x0000019b6e13cad0, 0x0000019b6e13b720,
0x0000019b6e13d7f0, 0x0000019b6e13de80
}

Java Threads: ( => current thread )
  0x0000019b15a4f6e0 JavaThread "main"                              [_thread_blocked, id=8456, stack(0x00000027e2100000,0x00000027e2200000) (1024K)]
  0x0000019b267dacc0 JavaThread "Reference Handler"          daemon [_thread_blocked, id=10740, stack(0x00000027e2900000,0x00000027e2a00000) (1024K)]
  0x0000019b267dbbd0 JavaThread "Finalizer"                  daemon [_thread_blocked, id=18052, stack(0x00000027e2a00000,0x00000027e2b00000) (1024K)]
  0x0000019b267dfa00 JavaThread "Signal Dispatcher"          daemon [_thread_blocked, id=11068, stack(0x00000027e2b00000,0x00000027e2c00000) (1024K)]
  0x0000019b267e15c0 JavaThread "Attach Listener"            daemon [_thread_blocked, id=14212, stack(0x00000027e2c00000,0x00000027e2d00000) (1024K)]
  0x0000019b267e2290 JavaThread "Service Thread"             daemon [_thread_blocked, id=2176, stack(0x00000027e2d00000,0x00000027e2e00000) (1024K)]
  0x0000019b267e2ce0 JavaThread "Monitor Deflation Thread"   daemon [_thread_blocked, id=18272, stack(0x00000027e2e00000,0x00000027e2f00000) (1024K)]
  0x0000019b267f0c50 JavaThread "C1 CompilerThread0"         daemon [_thread_blocked, id=15240, stack(0x00000027e2f00000,0x00000027e3000000) (1024K)]
  0x0000019b267ae910 JavaThread "Common-Cleaner"             daemon [_thread_blocked, id=16108, stack(0x00000027e3000000,0x00000027e3100000) (1024K)]
  0x0000019b268fb0c0 JavaThread "C1 CompilerThread1"         daemon [_thread_blocked, id=12688, stack(0x00000027e3100000,0x00000027e3200000) (1024K)]
  0x0000019b26bd1bf0 JavaThread "C1 CompilerThread2"         daemon [_thread_blocked, id=14040, stack(0x00000027e3200000,0x00000027e3300000) (1024K)]
  0x0000019b26bd26a0 JavaThread "C1 CompilerThread3"         daemon [_thread_blocked, id=5988, stack(0x00000027e3300000,0x00000027e3400000) (1024K)]
  0x0000019b6c1d5b80 JavaThread "Monitor Ctrl-Break"         daemon [_thread_in_native, id=11724, stack(0x00000027e3400000,0x00000027e3500000) (1024K)]
  0x0000019b6c1d61e0 JavaThread "Notification Thread"        daemon [_thread_blocked, id=6664, stack(0x00000027e3500000,0x00000027e3600000) (1024K)]
  0x0000019b6c486ce0 JavaThread "RMI TCP Accept-0"           daemon [_thread_in_native, id=2456, stack(0x00000027e3600000,0x00000027e3700000) (1024K)]
  0x0000019b6c4cabc0 JavaThread "RMI TCP Connection(1)-192.168.1.2" daemon [_thread_in_native, id=9748, stack(0x00000027e3700000,0x00000027e3800000) (1024K)]
  0x0000019b6c4b7be0 JavaThread "RMI Scheduler(0)"           daemon [_thread_blocked, id=10392, stack(0x00000027e3800000,0x00000027e3900000) (1024K)]
  0x0000019b6c519ca0 JavaThread "JMX server connection timeout 26" daemon [_thread_blocked, id=1708, stack(0x00000027e3900000,0x00000027e3a00000) (1024K)]
  0x0000019b6c9bb110 JavaThread "Thread-0"                          [_thread_blocked, id=6500, stack(0x00000027e4300000,0x00000027e4400000) (1024K)]
  0x0000019b6c9bb7a0 JavaThread "restartedMain"                     [_thread_blocked, id=14352, stack(0x00000027e4400000,0x00000027e4500000) (1024K)]
  0x0000019b6c9ba3f0 JavaThread "Catalina-utility-1"                [_thread_blocked, id=18980, stack(0x00000027e4500000,0x00000027e4600000) (1024K)]
  0x0000019b6e13d160 JavaThread "Catalina-utility-2"                [_thread_blocked, id=18852, stack(0x00000027e4800000,0x00000027e4900000) (1024K)]
  0x0000019b6e13cad0 JavaThread "container-0"                       [_thread_blocked, id=2920, stack(0x00000027e4900000,0x00000027e4a00000) (1024K)]
  0x0000019b6e13b720 JavaThread "mysql-cj-abandoned-connection-cleanup" daemon [_thread_blocked, id=1384, stack(0x00000027e4a00000,0x00000027e4b00000) (1024K)]
  0x0000019b6e13d7f0 JavaThread "HikariPool-1:housekeeper"   daemon [_thread_blocked, id=15188, stack(0x00000027e4c00000,0x00000027e4d00000) (1024K)]
  0x0000019b6e13de80 JavaThread "HikariPool-1:connection-adder" daemon [_thread_blocked, id=11564, stack(0x00000027e4d00000,0x00000027e4e00000) (1024K)]
Total: 26

Other Threads:
=>0x0000019b267be1f0 VMThread "VM Thread"                           [id=19168, stack(0x00000027e2800000,0x00000027e2900000) (1024K)]
  0x0000019b267ad4b0 WatcherThread "VM Periodic Task Thread"        [id=6428, stack(0x00000027e2700000,0x00000027e2800000) (1024K)]
  0x0000019b15aa6eb0 WorkerThread "GC Thread#0"                     [id=10468, stack(0x00000027e2200000,0x00000027e2300000) (1024K)]
  0x0000019b6c59cc70 WorkerThread "GC Thread#1"                     [id=12184, stack(0x00000027e3a00000,0x00000027e3b00000) (1024K)]
  0x0000019b6c5cbe30 WorkerThread "GC Thread#2"                     [id=3692, stack(0x00000027e3b00000,0x00000027e3c00000) (1024K)]
  0x0000019b6c5e4280 WorkerThread "GC Thread#3"                     [id=15208, stack(0x00000027e3c00000,0x00000027e3d00000) (1024K)]
  0x0000019b6c6141f0 WorkerThread "GC Thread#4"                     [id=9480, stack(0x00000027e3d00000,0x00000027e3e00000) (1024K)]
  0x0000019b6c614590 WorkerThread "GC Thread#5"                     [id=612, stack(0x00000027e3e00000,0x00000027e3f00000) (1024K)]
  0x0000019b6c61a340 WorkerThread "GC Thread#6"                     [id=17756, stack(0x00000027e3f00000,0x00000027e4000000) (1024K)]
  0x0000019b6c61a6e0 WorkerThread "GC Thread#7"                     [id=4056, stack(0x00000027e4000000,0x00000027e4100000) (1024K)]
  0x0000019b6c61b690 WorkerThread "GC Thread#8"                     [id=10732, stack(0x00000027e4100000,0x00000027e4200000) (1024K)]
  0x0000019b6c61c640 WorkerThread "GC Thread#9"                     [id=14708, stack(0x00000027e4200000,0x00000027e4300000) (1024K)]
  0x0000019b15ab7890 ConcurrentGCThread "G1 Main Marker"            [id=17336, stack(0x00000027e2300000,0x00000027e2400000) (1024K)]
  0x0000019b15ab82a0 WorkerThread "G1 Conc#0"                       [id=18156, stack(0x00000027e2400000,0x00000027e2500000) (1024K)]
  0x0000019b267f5f30 WorkerThread "G1 Conc#1"                       [id=1864, stack(0x00000027e4600000,0x00000027e4700000) (1024K)]
  0x0000019b267f62d0 WorkerThread "G1 Conc#2"                       [id=6624, stack(0x00000027e4700000,0x00000027e4800000) (1024K)]
  0x0000019b15b0e170 ConcurrentGCThread "G1 Refine#0"               [id=784, stack(0x00000027e2500000,0x00000027e2600000) (1024K)]
  0x0000019b2667c940 ConcurrentGCThread "G1 Service"                [id=10796, stack(0x00000027e2600000,0x00000027e2700000) (1024K)]
Total: 18

Threads with active compile tasks:
Total: 0

VM state: at safepoint (normal execution)

VM Mutex/Monitor currently owned by a thread:  ([mutex/lock_event])
[0x00007ffaa9756478] Threads_lock - owner thread: 0x0000019b267be1f0
[0x00007ffaa9756578] Heap_lock - owner thread: 0x0000019b6c9bb7a0

Heap address: 0x0000000083600000, size: 1994 MB, Compressed Oops mode: 32-bit

CDS archive(s) mapped at: [0x0000019b27000000-0x0000019b27c80000-0x0000019b27c80000), size 13107200, SharedBaseAddress: 0x0000019b27000000, ArchiveRelocationMode: 1.
Compressed class space mapped at: 0x0000019b28000000-0x0000019b68000000, reserved size: 1073741824
Narrow klass base: 0x0000019b27000000, Narrow klass shift: 0, Narrow klass range: 0x100000000

GC Precious Log:
 CardTable entry size: 512
 Card Set container configuration: InlinePtr #cards 5 size 8 Array Of Cards #cards 12 size 40 Howl #buckets 4 coarsen threshold 1843 Howl Bitmap #cards 512 size 80 coarsen threshold 460 Card regions per heap region 1 cards per card region 2048
 CPUs: 12 total, 12 available
 Memory: 7971M
 Large Page Support: Disabled
 NUMA Support: Disabled
 Compressed Oops: Enabled (32-bit)
 Heap Region Size: 1M
 Heap Min Capacity: 8M
 Heap Initial Capacity: 126M
 Heap Max Capacity: 1994M
 Pre-touch: Disabled
 Parallel Workers: 10
 Concurrent Workers: 3
 Concurrent Refinement Workers: 10
 Periodic GC: Disabled

Heap:
 garbage-first heap   total 158720K, used 115465K [0x0000000083600000, 0x0000000100000000)
  region size 1024K, 5 young (5120K), 5 survivors (5120K)
 Metaspace       used 74749K, committed 75520K, reserved 1114112K
  class space    used 10692K, committed 11008K, reserved 1048576K

Heap Regions: E=young(eden), S=young(survivor), O=old, HS=humongous(starts), HC=humongous(continues), CS=collection set, F=free, TAMS=top-at-mark-start, PB=parsable bottom
|   0|0x0000000083600000, 0x0000000083700000, 0x0000000083700000|100%|HS|  |TAMS 0x0000000083700000| PB 0x0000000083600000| Complete 
|   1|0x0000000083700000, 0x0000000083800000, 0x0000000083800000|100%|HS|  |TAMS 0x0000000083800000| PB 0x0000000083700000| Complete 
|   2|0x0000000083800000, 0x0000000083900000, 0x0000000083900000|100%| O|  |TAMS 0x0000000083900000| PB 0x0000000083800000| Untracked 
|   3|0x0000000083900000, 0x0000000083a00000, 0x0000000083a00000|100%| O|  |TAMS 0x0000000083a00000| PB 0x0000000083900000| Untracked 
|   4|0x0000000083a00000, 0x0000000083b00000, 0x0000000083b00000|100%| O|  |TAMS 0x0000000083b00000| PB 0x0000000083a00000| Untracked 
|   5|0x0000000083b00000, 0x0000000083c00000, 0x0000000083c00000|100%| O|  |TAMS 0x0000000083c00000| PB 0x0000000083b00000| Untracked 
|   6|0x0000000083c00000, 0x0000000083d00000, 0x0000000083d00000|100%| O|  |TAMS 0x0000000083d00000| PB 0x0000000083c00000| Untracked 
|   7|0x0000000083d00000, 0x0000000083e00000, 0x0000000083e00000|100%| O|  |TAMS 0x0000000083e00000| PB 0x0000000083d00000| Untracked 
|   8|0x0000000083e00000, 0x0000000083f00000, 0x0000000083f00000|100%| O|  |TAMS 0x0000000083f00000| PB 0x0000000083e00000| Untracked 
|   9|0x0000000083f00000, 0x0000000084000000, 0x0000000084000000|100%| O|  |TAMS 0x0000000084000000| PB 0x0000000083f00000| Untracked 
|  10|0x0000000084000000, 0x0000000084100000, 0x0000000084100000|100%| O|  |TAMS 0x0000000084100000| PB 0x0000000084000000| Untracked 
|  11|0x0000000084100000, 0x0000000084200000, 0x0000000084200000|100%| O|  |TAMS 0x0000000084200000| PB 0x0000000084100000| Untracked 
|  12|0x0000000084200000, 0x0000000084300000, 0x0000000084300000|100%| O|  |TAMS 0x0000000084300000| PB 0x0000000084200000| Untracked 
|  13|0x0000000084300000, 0x0000000084400000, 0x0000000084400000|100%| O|  |TAMS 0x0000000084400000| PB 0x0000000084300000| Untracked 
|  14|0x0000000084400000, 0x0000000084500000, 0x0000000084500000|100%| O|  |TAMS 0x0000000084500000| PB 0x0000000084400000| Untracked 
|  15|0x0000000084500000, 0x0000000084600000, 0x0000000084600000|100%| O|  |TAMS 0x0000000084600000| PB 0x0000000084500000| Untracked 
|  16|0x0000000084600000, 0x0000000084700000, 0x0000000084700000|100%| O|  |TAMS 0x0000000084600000| PB 0x0000000084600000| Untracked 
|  17|0x0000000084700000, 0x0000000084800000, 0x0000000084800000|100%| O|  |TAMS 0x0000000084800000| PB 0x0000000084700000| Untracked 
|  18|0x0000000084800000, 0x0000000084900000, 0x0000000084900000|100%| O|  |TAMS 0x0000000084900000| PB 0x0000000084800000| Untracked 
|  19|0x0000000084900000, 0x0000000084a00000, 0x0000000084a00000|100%| O|  |TAMS 0x0000000084a00000| PB 0x0000000084900000| Untracked 
|  20|0x0000000084a00000, 0x0000000084b00000, 0x0000000084b00000|100%| O|  |TAMS 0x0000000084b00000| PB 0x0000000084a00000| Untracked 
|  21|0x0000000084b00000, 0x0000000084c00000, 0x0000000084c00000|100%| O|  |TAMS 0x0000000084c00000| PB 0x0000000084b00000| Untracked 
|  22|0x0000000084c00000, 0x0000000084d00000, 0x0000000084d00000|100%| O|  |TAMS 0x0000000084d00000| PB 0x0000000084c00000| Untracked 
|  23|0x0000000084d00000, 0x0000000084e00000, 0x0000000084e00000|100%| O|  |TAMS 0x0000000084e00000| PB 0x0000000084d00000| Untracked 
|  24|0x0000000084e00000, 0x0000000084f00000, 0x0000000084f00000|100%| O|  |TAMS 0x0000000084f00000| PB 0x0000000084e00000| Untracked 
|  25|0x0000000084f00000, 0x0000000085000000, 0x0000000085000000|100%| O|  |TAMS 0x0000000085000000| PB 0x0000000084f00000| Untracked 
|  26|0x0000000085000000, 0x0000000085100000, 0x0000000085100000|100%| O|  |TAMS 0x0000000085100000| PB 0x0000000085000000| Untracked 
|  27|0x0000000085100000, 0x0000000085200000, 0x0000000085200000|100%| O|  |TAMS 0x0000000085200000| PB 0x0000000085100000| Untracked 
|  28|0x0000000085200000, 0x0000000085300000, 0x0000000085300000|100%| O|  |TAMS 0x0000000085300000| PB 0x0000000085200000| Untracked 
|  29|0x0000000085300000, 0x0000000085400000, 0x0000000085400000|100%| O|  |TAMS 0x0000000085400000| PB 0x0000000085300000| Untracked 
|  30|0x0000000085400000, 0x0000000085500000, 0x0000000085500000|100%| O|  |TAMS 0x0000000085500000| PB 0x0000000085400000| Untracked 
|  31|0x0000000085500000, 0x0000000085600000, 0x0000000085600000|100%| O|  |TAMS 0x0000000085600000| PB 0x0000000085500000| Untracked 
|  32|0x0000000085600000, 0x0000000085700000, 0x0000000085700000|100%| O|  |TAMS 0x0000000085700000| PB 0x0000000085600000| Untracked 
|  33|0x0000000085700000, 0x0000000085800000, 0x0000000085800000|100%| O|  |TAMS 0x0000000085800000| PB 0x0000000085700000| Untracked 
|  34|0x0000000085800000, 0x0000000085900000, 0x0000000085900000|100%| O|  |TAMS 0x0000000085900000| PB 0x0000000085800000| Untracked 
|  35|0x0000000085900000, 0x0000000085a00000, 0x0000000085a00000|100%| O|  |TAMS 0x0000000085a00000| PB 0x0000000085900000| Untracked 
|  36|0x0000000085a00000, 0x0000000085b00000, 0x0000000085b00000|100%| O|  |TAMS 0x0000000085b00000| PB 0x0000000085a00000| Untracked 
|  37|0x0000000085b00000, 0x0000000085c00000, 0x0000000085c00000|100%| O|  |TAMS 0x0000000085c00000| PB 0x0000000085b00000| Untracked 
|  38|0x0000000085c00000, 0x0000000085d00000, 0x0000000085d00000|100%| O|  |TAMS 0x0000000085d00000| PB 0x0000000085c00000| Untracked 
|  39|0x0000000085d00000, 0x0000000085e00000, 0x0000000085e00000|100%| O|  |TAMS 0x0000000085e00000| PB 0x0000000085d00000| Untracked 
|  40|0x0000000085e00000, 0x0000000085f00000, 0x0000000085f00000|100%| O|  |TAMS 0x0000000085f00000| PB 0x0000000085e00000| Untracked 
|  41|0x0000000085f00000, 0x0000000086000000, 0x0000000086000000|100%| O|  |TAMS 0x0000000086000000| PB 0x0000000085f00000| Untracked 
|  42|0x0000000086000000, 0x0000000086100000, 0x0000000086100000|100%| O|  |TAMS 0x0000000086000000| PB 0x0000000086000000| Untracked 
|  43|0x0000000086100000, 0x0000000086200000, 0x0000000086200000|100%| O|  |TAMS 0x0000000086200000| PB 0x0000000086100000| Untracked 
|  44|0x0000000086200000, 0x0000000086300000, 0x0000000086300000|100%| O|  |TAMS 0x0000000086200000| PB 0x0000000086200000| Untracked 
|  45|0x0000000086300000, 0x0000000086400000, 0x0000000086400000|100%| O|  |TAMS 0x0000000086400000| PB 0x0000000086300000| Untracked 
|  46|0x0000000086400000, 0x0000000086500000, 0x0000000086500000|100%| O|  |TAMS 0x0000000086500000| PB 0x0000000086400000| Untracked 
|  47|0x0000000086500000, 0x0000000086600000, 0x0000000086600000|100%| O|  |TAMS 0x0000000086600000| PB 0x0000000086500000| Untracked 
|  48|0x0000000086600000, 0x0000000086700000, 0x0000000086700000|100%| O|  |TAMS 0x0000000086700000| PB 0x0000000086600000| Untracked 
|  49|0x0000000086700000, 0x0000000086800000, 0x0000000086800000|100%| O|  |TAMS 0x0000000086800000| PB 0x0000000086700000| Untracked 
|  50|0x0000000086800000, 0x0000000086900000, 0x0000000086900000|100%| O|  |TAMS 0x0000000086900000| PB 0x0000000086800000| Untracked 
|  51|0x0000000086900000, 0x0000000086a00000, 0x0000000086a00000|100%| O|  |TAMS 0x0000000086a00000| PB 0x0000000086900000| Untracked 
|  52|0x0000000086a00000, 0x0000000086b00000, 0x0000000086b00000|100%| O|  |TAMS 0x0000000086b00000| PB 0x0000000086a00000| Untracked 
|  53|0x0000000086b00000, 0x0000000086c00000, 0x0000000086c00000|100%| O|  |TAMS 0x0000000086c00000| PB 0x0000000086b00000| Untracked 
|  54|0x0000000086c00000, 0x0000000086d00000, 0x0000000086d00000|100%| O|  |TAMS 0x0000000086d00000| PB 0x0000000086c00000| Untracked 
|  55|0x0000000086d00000, 0x0000000086e00000, 0x0000000086e00000|100%| O|  |TAMS 0x0000000086e00000| PB 0x0000000086d00000| Untracked 
|  56|0x0000000086e00000, 0x0000000086f00000, 0x0000000086f00000|100%| O|  |TAMS 0x0000000086f00000| PB 0x0000000086e00000| Untracked 
|  57|0x0000000086f00000, 0x0000000087000000, 0x0000000087000000|100%| O|  |TAMS 0x0000000087000000| PB 0x0000000086f00000| Untracked 
|  58|0x0000000087000000, 0x0000000087100000, 0x0000000087100000|100%| O|  |TAMS 0x0000000087100000| PB 0x0000000087000000| Untracked 
|  59|0x0000000087100000, 0x0000000087200000, 0x0000000087200000|100%| O|  |TAMS 0x0000000087200000| PB 0x0000000087100000| Untracked 
|  60|0x0000000087200000, 0x0000000087300000, 0x0000000087300000|100%| O|  |TAMS 0x0000000087300000| PB 0x0000000087200000| Untracked 
|  61|0x0000000087300000, 0x0000000087400000, 0x0000000087400000|100%| O|  |TAMS 0x0000000087400000| PB 0x0000000087300000| Untracked 
|  62|0x0000000087400000, 0x0000000087500000, 0x0000000087500000|100%| O|  |TAMS 0x0000000087500000| PB 0x0000000087400000| Untracked 
|  63|0x0000000087500000, 0x0000000087600000, 0x0000000087600000|100%| O|  |TAMS 0x0000000087600000| PB 0x0000000087500000| Untracked 
|  64|0x0000000087600000, 0x0000000087700000, 0x0000000087700000|100%| O|  |TAMS 0x0000000087700000| PB 0x0000000087600000| Untracked 
|  65|0x0000000087700000, 0x0000000087800000, 0x0000000087800000|100%| O|  |TAMS 0x0000000087800000| PB 0x0000000087700000| Untracked 
|  66|0x0000000087800000, 0x0000000087900000, 0x0000000087900000|100%| O|  |TAMS 0x0000000087900000| PB 0x0000000087800000| Untracked 
|  67|0x0000000087900000, 0x0000000087a00000, 0x0000000087a00000|100%| O|  |TAMS 0x0000000087a00000| PB 0x0000000087900000| Untracked 
|  68|0x0000000087a00000, 0x0000000087b00000, 0x0000000087b00000|100%| O|  |TAMS 0x0000000087b00000| PB 0x0000000087a00000| Untracked 
|  69|0x0000000087b00000, 0x0000000087c00000, 0x0000000087c00000|100%| O|  |TAMS 0x0000000087c00000| PB 0x0000000087b00000| Untracked 
|  70|0x0000000087c00000, 0x0000000087d00000, 0x0000000087d00000|100%| O|  |TAMS 0x0000000087d00000| PB 0x0000000087c00000| Untracked 
|  71|0x0000000087d00000, 0x0000000087e00000, 0x0000000087e00000|100%|HS|  |TAMS 0x0000000087e00000| PB 0x0000000087d00000| Complete 
|  72|0x0000000087e00000, 0x0000000087f00000, 0x0000000087f00000|100%| O|  |TAMS 0x0000000087f00000| PB 0x0000000087e00000| Untracked 
|  73|0x0000000087f00000, 0x0000000088000000, 0x0000000088000000|100%| O|  |TAMS 0x0000000088000000| PB 0x0000000087f00000| Untracked 
|  74|0x0000000088000000, 0x0000000088100000, 0x0000000088100000|100%| O|  |TAMS 0x0000000088100000| PB 0x0000000088000000| Untracked 
|  75|0x0000000088100000, 0x0000000088200000, 0x0000000088200000|100%| O|  |TAMS 0x0000000088200000| PB 0x0000000088100000| Untracked 
|  76|0x0000000088200000, 0x0000000088300000, 0x0000000088300000|100%| O|  |TAMS 0x0000000088300000| PB 0x0000000088200000| Untracked 
|  77|0x0000000088300000, 0x0000000088400000, 0x0000000088400000|100%| O|  |TAMS 0x0000000088400000| PB 0x0000000088300000| Untracked 
|  78|0x0000000088400000, 0x0000000088500000, 0x0000000088500000|100%| O|  |TAMS 0x0000000088500000| PB 0x0000000088400000| Untracked 
|  79|0x0000000088500000, 0x0000000088600000, 0x0000000088600000|100%| O|  |TAMS 0x0000000088600000| PB 0x0000000088500000| Untracked 
|  80|0x0000000088600000, 0x0000000088700000, 0x0000000088700000|100%| O|  |TAMS 0x0000000088700000| PB 0x0000000088600000| Untracked 
|  81|0x0000000088700000, 0x0000000088800000, 0x0000000088800000|100%| O|  |TAMS 0x0000000088800000| PB 0x0000000088700000| Untracked 
|  82|0x0000000088800000, 0x0000000088900000, 0x0000000088900000|100%| O|  |TAMS 0x0000000088900000| PB 0x0000000088800000| Untracked 
|  83|0x0000000088900000, 0x0000000088a00000, 0x0000000088a00000|100%| O|  |TAMS 0x0000000088a00000| PB 0x0000000088900000| Untracked 
|  84|0x0000000088a00000, 0x0000000088b00000, 0x0000000088b00000|100%| O|  |TAMS 0x0000000088b00000| PB 0x0000000088a00000| Untracked 
|  85|0x0000000088b00000, 0x0000000088c00000, 0x0000000088c00000|100%| O|  |TAMS 0x0000000088c00000| PB 0x0000000088b00000| Untracked 
|  86|0x0000000088c00000, 0x0000000088d00000, 0x0000000088d00000|100%| O|  |TAMS 0x0000000088d00000| PB 0x0000000088c00000| Untracked 
|  87|0x0000000088d00000, 0x0000000088e00000, 0x0000000088e00000|100%| O|  |TAMS 0x0000000088e00000| PB 0x0000000088d00000| Untracked 
|  88|0x0000000088e00000, 0x0000000088f00000, 0x0000000088f00000|100%| O|  |TAMS 0x0000000088f00000| PB 0x0000000088e00000| Untracked 
|  89|0x0000000088f00000, 0x0000000089000000, 0x0000000089000000|100%| O|  |TAMS 0x0000000089000000| PB 0x0000000088f00000| Untracked 
|  90|0x0000000089000000, 0x0000000089100000, 0x0000000089100000|100%| O|  |TAMS 0x0000000089100000| PB 0x0000000089000000| Untracked 
|  91|0x0000000089100000, 0x0000000089200000, 0x0000000089200000|100%| O|  |TAMS 0x0000000089200000| PB 0x0000000089100000| Untracked 
|  92|0x0000000089200000, 0x0000000089300000, 0x0000000089300000|100%| O|  |TAMS 0x0000000089300000| PB 0x0000000089200000| Untracked 
|  93|0x0000000089300000, 0x0000000089400000, 0x0000000089400000|100%| O|  |TAMS 0x000000008934c130| PB 0x0000000089300000| Untracked 
|  94|0x0000000089400000, 0x0000000089500000, 0x0000000089500000|100%| O|  |TAMS 0x0000000089400000| PB 0x0000000089400000| Untracked 
|  95|0x0000000089500000, 0x0000000089600000, 0x0000000089600000|100%| O|  |TAMS 0x0000000089500000| PB 0x0000000089500000| Untracked 
|  96|0x0000000089600000, 0x0000000089700000, 0x0000000089700000|100%| O|  |TAMS 0x0000000089600000| PB 0x0000000089600000| Untracked 
|  97|0x0000000089700000, 0x0000000089800000, 0x0000000089800000|100%| O|  |TAMS 0x0000000089700000| PB 0x0000000089700000| Untracked 
|  98|0x0000000089800000, 0x0000000089900000, 0x0000000089900000|100%| O|  |TAMS 0x0000000089800000| PB 0x0000000089800000| Untracked 
|  99|0x0000000089900000, 0x0000000089a00000, 0x0000000089a00000|100%| O|  |TAMS 0x0000000089900000| PB 0x0000000089900000| Untracked 
| 100|0x0000000089a00000, 0x0000000089b00000, 0x0000000089b00000|100%| O|  |TAMS 0x0000000089a00000| PB 0x0000000089a00000| Untracked 
| 101|0x0000000089b00000, 0x0000000089c00000, 0x0000000089c00000|100%| O|  |TAMS 0x0000000089b00000| PB 0x0000000089b00000| Untracked 
| 102|0x0000000089c00000, 0x0000000089d00000, 0x0000000089d00000|100%| O|  |TAMS 0x0000000089c00000| PB 0x0000000089c00000| Untracked 
| 103|0x0000000089d00000, 0x0000000089e00000, 0x0000000089e00000|100%| O|  |TAMS 0x0000000089d00000| PB 0x0000000089d00000| Untracked 
| 104|0x0000000089e00000, 0x0000000089ec25f8, 0x0000000089f00000| 75%| O|  |TAMS 0x0000000089e00000| PB 0x0000000089e00000| Untracked 
| 105|0x0000000089f00000, 0x0000000089f00000, 0x000000008a000000|  0%| F|  |TAMS 0x0000000089f00000| PB 0x0000000089f00000| Untracked 
| 106|0x000000008a000000, 0x000000008a000000, 0x000000008a100000|  0%| F|  |TAMS 0x000000008a000000| PB 0x000000008a000000| Untracked 
| 107|0x000000008a100000, 0x000000008a100000, 0x000000008a200000|  0%| F|  |TAMS 0x000000008a100000| PB 0x000000008a100000| Untracked 
| 108|0x000000008a200000, 0x000000008a200000, 0x000000008a300000|  0%| F|  |TAMS 0x000000008a200000| PB 0x000000008a200000| Untracked 
| 109|0x000000008a300000, 0x000000008a300000, 0x000000008a400000|  0%| F|  |TAMS 0x000000008a300000| PB 0x000000008a300000| Untracked 
| 110|0x000000008a400000, 0x000000008a400000, 0x000000008a500000|  0%| F|  |TAMS 0x000000008a400000| PB 0x000000008a400000| Untracked 
| 111|0x000000008a500000, 0x000000008a500000, 0x000000008a600000|  0%| F|  |TAMS 0x000000008a500000| PB 0x000000008a500000| Untracked 
| 112|0x000000008a600000, 0x000000008a600000, 0x000000008a700000|  0%| F|  |TAMS 0x000000008a600000| PB 0x000000008a600000| Untracked 
| 113|0x000000008a700000, 0x000000008a700000, 0x000000008a800000|  0%| F|  |TAMS 0x000000008a700000| PB 0x000000008a700000| Untracked 
| 114|0x000000008a800000, 0x000000008a800000, 0x000000008a900000|  0%| F|  |TAMS 0x000000008a800000| PB 0x000000008a800000| Untracked 
| 115|0x000000008a900000, 0x000000008a900000, 0x000000008aa00000|  0%| F|  |TAMS 0x000000008a900000| PB 0x000000008a900000| Untracked 
| 116|0x000000008aa00000, 0x000000008aa00000, 0x000000008ab00000|  0%| F|  |TAMS 0x000000008aa00000| PB 0x000000008aa00000| Untracked 
| 117|0x000000008ab00000, 0x000000008ac00000, 0x000000008ac00000|100%| S|CS|TAMS 0x000000008ab00000| PB 0x000000008ab00000| Complete 
| 118|0x000000008ac00000, 0x000000008ad00000, 0x000000008ad00000|100%| S|CS|TAMS 0x000000008ac00000| PB 0x000000008ac00000| Complete 
| 119|0x000000008ad00000, 0x000000008ae00000, 0x000000008ae00000|100%| S|CS|TAMS 0x000000008ad00000| PB 0x000000008ad00000| Complete 
| 120|0x000000008ae00000, 0x000000008af00000, 0x000000008af00000|100%| S|CS|TAMS 0x000000008ae00000| PB 0x000000008ae00000| Complete 
| 121|0x000000008af00000, 0x000000008b000000, 0x000000008b000000|100%| S|CS|TAMS 0x000000008af00000| PB 0x000000008af00000| Complete 
| 122|0x000000008b000000, 0x000000008b000000, 0x000000008b100000|  0%| F|  |TAMS 0x000000008b000000| PB 0x000000008b000000| Untracked 
| 123|0x000000008b100000, 0x000000008b100000, 0x000000008b200000|  0%| F|  |TAMS 0x000000008b100000| PB 0x000000008b100000| Untracked 
| 124|0x000000008b200000, 0x000000008b200000, 0x000000008b300000|  0%| F|  |TAMS 0x000000008b200000| PB 0x000000008b200000| Untracked 
| 125|0x000000008b300000, 0x000000008b300000, 0x000000008b400000|  0%| F|  |TAMS 0x000000008b300000| PB 0x000000008b300000| Untracked 
| 126|0x000000008b400000, 0x000000008b400000, 0x000000008b500000|  0%| F|  |TAMS 0x000000008b400000| PB 0x000000008b400000| Untracked 
| 127|0x000000008b500000, 0x000000008b500000, 0x000000008b600000|  0%| F|  |TAMS 0x000000008b500000| PB 0x000000008b500000| Untracked 
| 128|0x000000008b600000, 0x000000008b600000, 0x000000008b700000|  0%| F|  |TAMS 0x000000008b600000| PB 0x000000008b600000| Untracked 
| 129|0x000000008b700000, 0x000000008b700000, 0x000000008b800000|  0%| F|  |TAMS 0x000000008b700000| PB 0x000000008b700000| Untracked 
| 130|0x000000008b800000, 0x000000008b800000, 0x000000008b900000|  0%| F|  |TAMS 0x000000008b800000| PB 0x000000008b800000| Untracked 
| 131|0x000000008b900000, 0x000000008b900000, 0x000000008ba00000|  0%| F|  |TAMS 0x000000008b900000| PB 0x000000008b900000| Untracked 
| 132|0x000000008ba00000, 0x000000008ba00000, 0x000000008bb00000|  0%| F|  |TAMS 0x000000008ba00000| PB 0x000000008ba00000| Untracked 
| 133|0x000000008bb00000, 0x000000008bb00000, 0x000000008bc00000|  0%| F|  |TAMS 0x000000008bb00000| PB 0x000000008bb00000| Untracked 
| 134|0x000000008bc00000, 0x000000008bc00000, 0x000000008bd00000|  0%| F|  |TAMS 0x000000008bc00000| PB 0x000000008bc00000| Untracked 
| 135|0x000000008bd00000, 0x000000008bd00000, 0x000000008be00000|  0%| F|  |TAMS 0x000000008bd00000| PB 0x000000008bd00000| Untracked 
| 136|0x000000008be00000, 0x000000008be00000, 0x000000008bf00000|  0%| F|  |TAMS 0x000000008be00000| PB 0x000000008be00000| Untracked 
| 137|0x000000008bf00000, 0x000000008bf00000, 0x000000008c000000|  0%| F|  |TAMS 0x000000008bf00000| PB 0x000000008bf00000| Untracked 
| 138|0x000000008c000000, 0x000000008c000000, 0x000000008c100000|  0%| F|  |TAMS 0x000000008c000000| PB 0x000000008c000000| Untracked 
| 139|0x000000008c100000, 0x000000008c100000, 0x000000008c200000|  0%| F|  |TAMS 0x000000008c100000| PB 0x000000008c100000| Untracked 
| 140|0x000000008c200000, 0x000000008c200000, 0x000000008c300000|  0%| F|  |TAMS 0x000000008c200000| PB 0x000000008c200000| Untracked 
| 141|0x000000008c300000, 0x000000008c300000, 0x000000008c400000|  0%| F|  |TAMS 0x000000008c300000| PB 0x000000008c300000| Untracked 
| 142|0x000000008c400000, 0x000000008c400000, 0x000000008c500000|  0%| F|  |TAMS 0x000000008c400000| PB 0x000000008c400000| Untracked 
| 143|0x000000008c500000, 0x000000008c500000, 0x000000008c600000|  0%| F|  |TAMS 0x000000008c500000| PB 0x000000008c500000| Untracked 
| 144|0x000000008c600000, 0x000000008c600000, 0x000000008c700000|  0%| F|  |TAMS 0x000000008c600000| PB 0x000000008c600000| Untracked 
| 145|0x000000008c700000, 0x000000008c700000, 0x000000008c800000|  0%| F|  |TAMS 0x000000008c700000| PB 0x000000008c700000| Untracked 
| 146|0x000000008c800000, 0x000000008c800000, 0x000000008c900000|  0%| F|  |TAMS 0x000000008c800000| PB 0x000000008c800000| Untracked 
| 147|0x000000008c900000, 0x000000008c900000, 0x000000008ca00000|  0%| F|  |TAMS 0x000000008c900000| PB 0x000000008c900000| Untracked 
| 148|0x000000008ca00000, 0x000000008ca00000, 0x000000008cb00000|  0%| F|  |TAMS 0x000000008ca00000| PB 0x000000008ca00000| Untracked 
| 149|0x000000008cb00000, 0x000000008cb00000, 0x000000008cc00000|  0%| F|  |TAMS 0x000000008cb00000| PB 0x000000008cb00000| Untracked 
| 150|0x000000008cc00000, 0x000000008cc00000, 0x000000008cd00000|  0%| F|  |TAMS 0x000000008cc00000| PB 0x000000008cc00000| Untracked 
| 151|0x000000008cd00000, 0x000000008cd00000, 0x000000008ce00000|  0%| F|  |TAMS 0x000000008cd00000| PB 0x000000008cd00000| Untracked 
|1991|0x00000000ffd00000, 0x00000000ffe00000, 0x00000000ffe00000|100%| O|  |TAMS 0x00000000ffe00000| PB 0x00000000ffd00000| Untracked 
|1992|0x00000000ffe00000, 0x00000000fff00000, 0x00000000fff00000|100%| O|  |TAMS 0x00000000fff00000| PB 0x00000000ffe00000| Untracked 
|1993|0x00000000fff00000, 0x0000000100000000, 0x0000000100000000|100%| O|  |TAMS 0x0000000100000000| PB 0x00000000fff00000| Untracked 

Card table byte_map: [0x0000019b21860000,0x0000019b21c50000] _byte_map_base: 0x0000019b21445000

Marking Bits: (CMBitMap*) 0x0000019b15aa74c0
 Bits: [0x0000019b21c50000, 0x0000019b23b78000)

Polling page: 0x0000019b13600000

Metaspace:

Usage:
  Non-class:     62.55 MB used.
      Class:     10.44 MB used.
       Both:     73.00 MB used.

Virtual space:
  Non-class space:       64.00 MB reserved,      63.00 MB ( 98%) committed,  1 nodes.
      Class space:        1.00 GB reserved,      10.75 MB (  1%) committed,  1 nodes.
             Both:        1.06 GB reserved,      73.75 MB (  7%) committed. 

Chunk freelists:
   Non-Class:  110.00 KB
       Class:  5.26 MB
        Both:  5.36 MB

MaxMetaspaceSize: unlimited
CompressedClassSpaceSize: 1.00 GB
Initial GC threshold: 21.00 MB
Current GC threshold: 122.94 MB
CDS: on
 - commit_granule_bytes: 65536.
 - commit_granule_words: 8192.
 - virtual_space_node_default_size: 8388608.
 - enlarge_chunks_in_place: 1.
 - use_allocation_guard: 0.


Internal statistics:

num_allocs_failed_limit: 6.
num_arena_births: 1070.
num_arena_deaths: 0.
num_vsnodes_births: 2.
num_vsnodes_deaths: 0.
num_space_committed: 1180.
num_space_uncommitted: 0.
num_chunks_returned_to_freelist: 6.
num_chunks_taken_from_freelist: 3660.
num_chunk_merges: 6.
num_chunk_splits: 2675.
num_chunks_enlarged: 2053.
num_inconsistent_stats: 0.

CodeCache: size=49152Kb used=13982Kb max_used=15874Kb free=35169Kb
 bounds [0x0000019b1e140000, 0x0000019b1f0d0000, 0x0000019b21140000]
 total_blobs=7541 nmethods=6793 adapters=668
 compilation: enabled
              stopped_count=0, restarted_count=0
 full_count=0

Compilation events (20 events):
Event: 5.907 Thread 0x0000019b267f0c50 nmethod 8410 0x0000019b1e50d990 code [0x0000019b1e50db40, 0x0000019b1e50dce0]
Event: 5.907 Thread 0x0000019b26bd1bf0 nmethod 8409 0x0000019b1e898d10 code [0x0000019b1e898f40, 0x0000019b1e8994a0]
Event: 5.925 Thread 0x0000019b26bd1bf0 8411       1       java.io.ObjectStreamClass::lookup (26 bytes)
Event: 5.926 Thread 0x0000019b26bd1bf0 nmethod 8411 0x0000019b1e52a290 code [0x0000019b1e52a460, 0x0000019b1e52a5e8]
Event: 5.927 Thread 0x0000019b268fb0c0 8412       1       java.io.ObjectOutputStream::writeNonProxyDesc (109 bytes)
Event: 5.927 Thread 0x0000019b267f0c50 8413       1       java.io.ObjectStreamClass::writeNonProxy (161 bytes)
Event: 5.927 Thread 0x0000019b26bd26a0 8414       1       java.io.ObjectOutputStream::isCustomSubclass (21 bytes)
Event: 5.927 Thread 0x0000019b26bd1bf0 8415       1       sun.rmi.server.MarshalOutputStream::annotateClass (9 bytes)
Event: 5.928 Thread 0x0000019b26bd1bf0 nmethod 8415 0x0000019b1e492590 code [0x0000019b1e492740, 0x0000019b1e492850]
Event: 5.928 Thread 0x0000019b26bd26a0 nmethod 8414 0x0000019b1e4a1f10 code [0x0000019b1e4a20a0, 0x0000019b1e4a21a8]
Event: 5.928 Thread 0x0000019b26bd1bf0 8416       1       java.rmi.server.RMIClassLoader::getClassAnnotation (8 bytes)
Event: 5.928 Thread 0x0000019b26bd26a0 8417       1       java.rmi.server.RMIClassLoader$2::getClassAnnotation (5 bytes)
Event: 5.928 Thread 0x0000019b26bd1bf0 nmethod 8416 0x0000019b1e4dd010 code [0x0000019b1e4dd1c0, 0x0000019b1e4dd280]
Event: 5.928 Thread 0x0000019b26bd26a0 nmethod 8417 0x0000019b1e4e5310 code [0x0000019b1e4e54c0, 0x0000019b1e4e55a0]
Event: 5.928 Thread 0x0000019b26bd1bf0 8418   !   1       sun.rmi.server.LoaderHandler::getClassAnnotation (234 bytes)
Event: 5.928 Thread 0x0000019b26bd26a0 8419       1       sun.rmi.server.MarshalOutputStream::writeLocation (6 bytes)
Event: 5.928 Thread 0x0000019b26bd26a0 nmethod 8419 0x0000019b1e4f3910 code [0x0000019b1e4f3ac0, 0x0000019b1e4f3ba0]
Event: 5.928 Thread 0x0000019b268fb0c0 nmethod 8412 0x0000019b1e4a5a90 code [0x0000019b1e4a5ce0, 0x0000019b1e4a61e0]
Event: 5.928 Thread 0x0000019b267f0c50 nmethod 8413 0x0000019b1e357a90 code [0x0000019b1e357d20, 0x0000019b1e358440]
Event: 5.929 Thread 0x0000019b26bd1bf0 nmethod 8418 0x0000019b1e5cf890 code [0x0000019b1e5cfae0, 0x0000019b1e5d0390]

GC Heap History (20 events):
Event: 5.145 GC heap after
{Heap after GC invocations=19 (full 0):
 garbage-first heap   total 73728K, used 38265K [0x0000000083600000, 0x0000000100000000)
  region size 1024K, 4 young (4096K), 4 survivors (4096K)
 Metaspace       used 71023K, committed 71808K, reserved 1114112K
  class space    used 10007K, committed 10368K, reserved 1048576K
}
Event: 5.199 GC heap before
{Heap before GC invocations=20 (full 0):
 garbage-first heap   total 73728K, used 63865K [0x0000000083600000, 0x0000000100000000)
  region size 1024K, 29 young (29696K), 4 survivors (4096K)
 Metaspace       used 71044K, committed 71808K, reserved 1114112K
  class space    used 10012K, committed 10368K, reserved 1048576K
}
Event: 5.204 GC heap after
{Heap after GC invocations=21 (full 0):
 garbage-first heap   total 74752K, used 44141K [0x0000000083600000, 0x0000000100000000)
  region size 1024K, 4 young (4096K), 4 survivors (4096K)
 Metaspace       used 71044K, committed 71808K, reserved 1114112K
  class space    used 10012K, committed 10368K, reserved 1048576K
}
Event: 5.298 GC heap before
{Heap before GC invocations=21 (full 0):
 garbage-first heap   total 74752K, used 64621K [0x0000000083600000, 0x0000000100000000)
  region size 1024K, 24 young (24576K), 4 survivors (4096K)
 Metaspace       used 71883K, committed 72640K, reserved 1114112K
  class space    used 10222K, committed 10560K, reserved 1048576K
}
Event: 5.302 GC heap after
{Heap after GC invocations=22 (full 0):
 garbage-first heap   total 74752K, used 46224K [0x0000000083600000, 0x0000000100000000)
  region size 1024K, 3 young (3072K), 3 survivors (3072K)
 Metaspace       used 71883K, committed 72640K, reserved 1114112K
  class space    used 10222K, committed 10560K, reserved 1048576K
}
Event: 5.380 GC heap before
{Heap before GC invocations=22 (full 0):
 garbage-first heap   total 74752K, used 64656K [0x0000000083600000, 0x0000000100000000)
  region size 1024K, 21 young (21504K), 3 survivors (3072K)
 Metaspace       used 72497K, committed 73280K, reserved 1114112K
  class space    used 10391K, committed 10752K, reserved 1048576K
}
Event: 5.383 GC heap after
{Heap after GC invocations=23 (full 0):
 garbage-first heap   total 74752K, used 47146K [0x0000000083600000, 0x0000000100000000)
  region size 1024K, 1 young (1024K), 1 survivors (1024K)
 Metaspace       used 72497K, committed 73280K, reserved 1114112K
  class space    used 10391K, committed 10752K, reserved 1048576K
}
Event: 5.423 GC heap before
{Heap before GC invocations=23 (full 0):
 garbage-first heap   total 80896K, used 66602K [0x0000000083600000, 0x0000000100000000)
  region size 1024K, 20 young (20480K), 1 survivors (1024K)
 Metaspace       used 72503K, committed 73280K, reserved 1114112K
  class space    used 10391K, committed 10752K, reserved 1048576K
}
Event: 5.425 GC heap after
{Heap after GC invocations=24 (full 0):
 garbage-first heap   total 80896K, used 50407K [0x0000000083600000, 0x0000000100000000)
  region size 1024K, 3 young (3072K), 3 survivors (3072K)
 Metaspace       used 72503K, committed 73280K, reserved 1114112K
  class space    used 10391K, committed 10752K, reserved 1048576K
}
Event: 5.459 GC heap before
{Heap before GC invocations=25 (full 0):
 garbage-first heap   total 80896K, used 70887K [0x0000000083600000, 0x0000000100000000)
  region size 1024K, 23 young (23552K), 3 survivors (3072K)
 Metaspace       used 72503K, committed 73280K, reserved 1114112K
  class space    used 10391K, committed 10752K, reserved 1048576K
}
Event: 5.464 GC heap after
{Heap after GC invocations=26 (full 0):
 garbage-first heap   total 158720K, used 58564K [0x0000000083600000, 0x0000000100000000)
  region size 1024K, 3 young (3072K), 3 survivors (3072K)
 Metaspace       used 72503K, committed 73280K, reserved 1114112K
  class space    used 10391K, committed 10752K, reserved 1048576K
}
Event: 5.689 GC heap before
{Heap before GC invocations=26 (full 0):
 garbage-first heap   total 158720K, used 120004K [0x0000000083600000, 0x0000000100000000)
  region size 1024K, 64 young (65536K), 3 survivors (3072K)
 Metaspace       used 74746K, committed 75520K, reserved 1114112K
  class space    used 10691K, committed 11008K, reserved 1048576K
}
Event: 5.698 GC heap after
{Heap after GC invocations=27 (full 0):
 garbage-first heap   total 158720K, used 73960K [0x0000000083600000, 0x0000000100000000)
  region size 1024K, 8 young (8192K), 8 survivors (8192K)
 Metaspace       used 74746K, committed 75520K, reserved 1114112K
  class space    used 10691K, committed 11008K, reserved 1048576K
}
Event: 5.728 GC heap before
{Heap before GC invocations=27 (full 0):
 garbage-first heap   total 158720K, used 91368K [0x0000000083600000, 0x0000000100000000)
  region size 1024K, 26 young (26624K), 8 survivors (8192K)
 Metaspace       used 74746K, committed 75520K, reserved 1114112K
  class space    used 10691K, committed 11008K, reserved 1048576K
}
Event: 5.735 GC heap after
{Heap after GC invocations=28 (full 0):
 garbage-first heap   total 158720K, used 83548K [0x0000000083600000, 0x0000000100000000)
  region size 1024K, 8 young (8192K), 8 survivors (8192K)
 Metaspace       used 74746K, committed 75520K, reserved 1114112K
  class space    used 10691K, committed 11008K, reserved 1048576K
}
Event: 5.810 GC heap before
{Heap before GC invocations=29 (full 0):
 garbage-first heap   total 158720K, used 124508K [0x0000000083600000, 0x0000000100000000)
  region size 1024K, 49 young (50176K), 8 survivors (8192K)
 Metaspace       used 74746K, committed 75520K, reserved 1114112K
  class space    used 10691K, committed 11008K, reserved 1048576K
}
Event: 5.816 GC heap after
{Heap after GC invocations=30 (full 0):
 garbage-first heap   total 158720K, used 88562K [0x0000000083600000, 0x0000000100000000)
  region size 1024K, 6 young (6144K), 6 survivors (6144K)
 Metaspace       used 74746K, committed 75520K, reserved 1114112K
  class space    used 10691K, committed 11008K, reserved 1048576K
}
Event: 5.885 GC heap before
{Heap before GC invocations=30 (full 0):
 garbage-first heap   total 158720K, used 128498K [0x0000000083600000, 0x0000000100000000)
  region size 1024K, 45 young (46080K), 6 survivors (6144K)
 Metaspace       used 74749K, committed 75520K, reserved 1114112K
  class space    used 10692K, committed 11008K, reserved 1048576K
}
Event: 5.895 GC heap after
{Heap after GC invocations=31 (full 0):
 garbage-first heap   total 158720K, used 101680K [0x0000000083600000, 0x0000000100000000)
  region size 1024K, 6 young (6144K), 6 survivors (6144K)
 Metaspace       used 74749K, committed 75520K, reserved 1114112K
  class space    used 10692K, committed 11008K, reserved 1048576K
}
Event: 5.953 GC heap before
{Heap before GC invocations=31 (full 0):
 garbage-first heap   total 158720K, used 132400K [0x0000000083600000, 0x0000000100000000)
  region size 1024K, 36 young (36864K), 6 survivors (6144K)
 Metaspace       used 74749K, committed 75520K, reserved 1114112K
  class space    used 10692K, committed 11008K, reserved 1048576K
}

Dll operation events (12 events):
Event: 0.006 Loaded shared library C:\Users\pc\.jdks\ms-21.0.7\bin\java.dll
Event: 0.102 Loaded shared library C:\Users\pc\.jdks\ms-21.0.7\bin\zip.dll
Event: 0.107 Loaded shared library C:\Users\pc\.jdks\ms-21.0.7\bin\instrument.dll
Event: 0.117 Loaded shared library C:\Users\pc\.jdks\ms-21.0.7\bin\net.dll
Event: 0.119 Loaded shared library C:\Users\pc\.jdks\ms-21.0.7\bin\nio.dll
Event: 0.122 Loaded shared library C:\Users\pc\.jdks\ms-21.0.7\bin\zip.dll
Event: 0.172 Loaded shared library C:\Users\pc\.jdks\ms-21.0.7\bin\jimage.dll
Event: 0.220 Loaded shared library C:\Users\pc\.jdks\ms-21.0.7\bin\extnet.dll
Event: 0.229 Loaded shared library C:\Users\pc\.jdks\ms-21.0.7\bin\management.dll
Event: 0.243 Loaded shared library C:\Users\pc\.jdks\ms-21.0.7\bin\management_ext.dll
Event: 1.396 Loaded shared library C:\Users\pc\.jdks\ms-21.0.7\bin\sunmscapi.dll
Event: 2.949 Loaded shared library C:\Users\pc\.jdks\ms-21.0.7\bin\verify.dll

Deoptimization events (0 events):
No events

Classes loaded (20 events):
Event: 4.982 Loading class java/util/stream/ReduceOps$5
Event: 4.982 Loading class java/util/stream/ReduceOps$5 done
Event: 4.982 Loading class java/util/stream/ReduceOps$CountingSink$OfRef
Event: 4.982 Loading class java/util/stream/ReduceOps$CountingSink
Event: 4.982 Loading class java/util/stream/ReduceOps$CountingSink done
Event: 4.982 Loading class java/util/stream/ReduceOps$CountingSink$OfRef done
Event: 4.999 Loading class java/util/regex/Pattern$Bound
Event: 4.999 Loading class java/util/regex/Pattern$Bound done
Event: 5.000 Loading class java/util/regex/Pattern$Behind
Event: 5.000 Loading class java/util/regex/Pattern$Behind done
Event: 5.015 Loading class java/util/EmptyStackException
Event: 5.015 Loading class java/util/EmptyStackException done
Event: 5.084 Loading class java/io/InvalidClassException
Event: 5.085 Loading class java/io/InvalidClassException done
Event: 5.599 Loading class java/lang/Character$UnicodeBlock
Event: 5.599 Loading class java/lang/Character$Subset
Event: 5.599 Loading class java/lang/Character$Subset done
Event: 5.600 Loading class java/lang/Character$UnicodeBlock done
Event: 5.628 Loading class java/lang/invoke/MethodHandleImpl$CountingWrapper$1
Event: 5.628 Loading class java/lang/invoke/MethodHandleImpl$CountingWrapper$1 done

Classes unloaded (0 events):
No events

Classes redefined (0 events):
No events

Internal exceptions (20 events):
Event: 4.476 Thread 0x0000019b6c9bb7a0 Exception <a 'java/lang/NoSuchMethodError'{0x000000008703ed78}: 'java.lang.Object java.lang.invoke.DirectMethodHandle$Holder.newInvokeSpecial(java.lang.Object, java.lang.Object, int, java.lang.Object)'> (0x000000008703ed78) 
thrown [s\src\hotspot\share\interpreter\linkResolver.cpp, line 773]
Event: 4.476 Thread 0x0000019b6c9bb7a0 Exception <a 'java/lang/NoSuchMethodError'{0x0000000087042758}: 'java.lang.Object java.lang.invoke.Invokers$Holder.linkToTargetMethod(java.lang.Object, int, java.lang.Object, java.lang.Object)'> (0x0000000087042758) 
thrown [s\src\hotspot\share\interpreter\linkResolver.cpp, line 773]
Event: 4.492 Thread 0x0000019b6c9bb7a0 Exception <a 'java/lang/NoSuchMethodError'{0x0000000086f6f6a8}: 'void java.lang.invoke.DirectMethodHandle$Holder.invokeSpecial(java.lang.Object, java.lang.Object, int, java.lang.Object)'> (0x0000000086f6f6a8) 
thrown [s\src\hotspot\share\interpreter\linkResolver.cpp, line 773]
Event: 4.492 Thread 0x0000019b6c9bb7a0 Exception <a 'java/lang/NoSuchMethodError'{0x0000000086f75ad0}: 'java.lang.Object java.lang.invoke.DirectMethodHandle$Holder.newInvokeSpecial(java.lang.Object, java.lang.Object, int)'> (0x0000000086f75ad0) 
thrown [s\src\hotspot\share\interpreter\linkResolver.cpp, line 773]
Event: 4.513 Thread 0x0000019b6c9bb7a0 Exception <a 'java/lang/NoSuchMethodError'{0x0000000086eeed90}: 'int java.lang.invoke.DirectMethodHandle$Holder.invokeStatic(java.lang.Object, int, java.lang.Object)'> (0x0000000086eeed90) 
thrown [s\src\hotspot\share\interpreter\linkResolver.cpp, line 773]
Event: 4.514 Thread 0x0000019b6c9bb7a0 Exception <a 'java/lang/NoSuchMethodError'{0x0000000086d11010}: 'java.lang.Object java.lang.invoke.DirectMethodHandle$Holder.newInvokeSpecial(java.lang.Object, java.lang.Object, java.lang.Object, java.lang.Object, java.lang.Object, int, java.lang.Object)'> (0x0000000086d11010) 
thrown [s\src\hotspot\share\interpreter\linkResolver.cpp, line 773]
Event: 4.517 Thread 0x0000019b6c9bb7a0 Exception <a 'java/lang/NoSuchMethodError'{0x0000000086d4c2a0}: 'java.lang.Object java.lang.invoke.Invokers$Holder.linkToTargetMethod(java.lang.Object, java.lang.Object, java.lang.Object, java.lang.Object, java.lang.Object, java.lang.Object, java.lang.Object, java.lang.Object, java.lang.Object, java.lang.Object, java.lang.Object, java.lang.Object)'> (0x0000000086d4c2a0) 
thrown [s\src\hotspot\share\interpreter\linkResolver.cpp, line 773]
Event: 4.545 Thread 0x0000019b6c9bb7a0 Exception <a 'java/lang/IncompatibleClassChangeError'{0x0000000086b4b228}: Found class java.lang.Object, but interface was expected> (0x0000000086b4b228) 
thrown [s\src\hotspot\share\interpreter\linkResolver.cpp, line 840]
Event: 4.555 Thread 0x0000019b6c9bb7a0 Exception <a 'java/lang/NoSuchMethodError'{0x0000000086be47c0}: 'java.lang.Object java.lang.invoke.DirectMethodHandle$Holder.newInvokeSpecial(java.lang.Object, java.lang.Object, java.lang.Object, java.lang.Object, java.lang.Object, java.lang.Object, java.lang.Object, int)'> (0x0000000086be47c0) 
thrown [s\src\hotspot\share\interpreter\linkResolver.cpp, line 773]
Event: 4.556 Thread 0x0000019b6c9bb7a0 Exception <a 'java/lang/NoSuchMethodError'{0x0000000086be8e10}: 'java.lang.Object java.lang.invoke.DirectMethodHandle$Holder.invokeSpecial(java.lang.Object, java.lang.Object, java.lang.Object, java.lang.Object, java.lang.Object, java.lang.Object, java.lang.Object, java.lang.Object, int)'> (0x0000000086be8e10) 
thrown [s\src\hotspot\share\interpreter\linkResolver.cpp, line 773]
Event: 4.556 Thread 0x0000019b6c9bb7a0 Exception <a 'java/lang/NoSuchMethodError'{0x0000000086bece48}: 'java.lang.Object java.lang.invoke.Invokers$Holder.linkToTargetMethod(java.lang.Object, java.lang.Object, java.lang.Object, java.lang.Object, java.lang.Object, java.lang.Object, int, java.lang.Object)'> (0x0000000086bece48) 
thrown [s\src\hotspot\share\interpreter\linkResolver.cpp, line 773]
Event: 4.572 Thread 0x0000019b6c9bb7a0 Exception <a 'java/lang/NoSuchMethodError'{0x0000000086afcc60}: 'java.lang.Object java.lang.invoke.DirectMethodHandle$Holder.newInvokeSpecial(java.lang.Object, java.lang.Object, int, java.lang.Object, int, java.lang.Object, java.lang.Object)'> (0x0000000086afcc60) 
thrown [s\src\hotspot\share\interpreter\linkResolver.cpp, line 773]
Event: 4.735 Thread 0x0000019b6c9bb7a0 Exception <a 'java/lang/NoSuchMethodError'{0x0000000086279fe0}: 'java.lang.Object java.lang.invoke.DirectMethodHandle$Holder.invokeSpecial(java.lang.Object, java.lang.Object, int, java.lang.Object, int)'> (0x0000000086279fe0) 
thrown [s\src\hotspot\share\interpreter\linkResolver.cpp, line 773]
Event: 4.823 Thread 0x0000019b6c9bb7a0 Exception <a 'java/io/FileNotFoundException'{0x0000000085fc37d0}> (0x0000000085fc37d0) 
thrown [s\src\hotspot\share\prims\jni.cpp, line 520]
Event: 4.823 Thread 0x0000019b6c9bb7a0 Exception <a 'java/io/FileNotFoundException'{0x0000000085fcd5c8}> (0x0000000085fcd5c8) 
thrown [s\src\hotspot\share\prims\jni.cpp, line 520]
Event: 4.835 Thread 0x0000019b6c9bb7a0 Exception <a 'java/lang/NoSuchMethodError'{0x000000008b373950}: 'void java.lang.invoke.Invokers$Holder.invokeExact_MT(java.lang.Object, java.lang.Object, java.lang.Object, java.lang.Object)'> (0x000000008b373950) 
thrown [s\src\hotspot\share\interpreter\linkResolver.cpp, line 773]
Event: 4.872 Thread 0x0000019b6c9bb7a0 Exception <a 'java/lang/IncompatibleClassChangeError'{0x0000000088af4078}: Found class java.lang.Object, but interface was expected> (0x0000000088af4078) 
thrown [s\src\hotspot\share\interpreter\linkResolver.cpp, line 840]
Event: 4.890 Thread 0x0000019b6c9bb7a0 Exception <a 'java/lang/IncompatibleClassChangeError'{0x00000000888c20d0}: Found class java.lang.Object, but interface was expected> (0x00000000888c20d0) 
thrown [s\src\hotspot\share\interpreter\linkResolver.cpp, line 840]
Event: 4.969 Thread 0x0000019b6c9bb7a0 Exception <a 'java/lang/IncompatibleClassChangeError'{0x00000000870b1630}: Found class java.lang.Object, but interface was expected> (0x00000000870b1630) 
thrown [s\src\hotspot\share\interpreter\linkResolver.cpp, line 840]
Event: 5.608 Thread 0x0000019b6c9bb7a0 Exception <a 'java/lang/IncompatibleClassChangeError'{0x000000008ac3cbf0}: Found class java.lang.Object, but interface was expected> (0x000000008ac3cbf0) 
thrown [s\src\hotspot\share\interpreter\linkResolver.cpp, line 840]

ZGC Phase Switch (0 events):
No events

VM Operations (20 events):
Event: 5.425 Executing VM operation: G1CollectForAllocation (G1 Evacuation Pause) done
Event: 5.431 Executing VM operation: G1PauseCleanup
Event: 5.431 Executing VM operation: G1PauseCleanup done
Event: 5.459 Executing VM operation: G1CollectForAllocation (G1 Evacuation Pause)
Event: 5.464 Executing VM operation: G1CollectForAllocation (G1 Evacuation Pause) done
Event: 5.544 Executing VM operation: HandshakeAllThreads (Deoptimize)
Event: 5.544 Executing VM operation: HandshakeAllThreads (Deoptimize) done
Event: 5.689 Executing VM operation: G1CollectForAllocation (G1 Evacuation Pause)
Event: 5.698 Executing VM operation: G1CollectForAllocation (G1 Evacuation Pause) done
Event: 5.728 Executing VM operation: G1TryInitiateConcMark (G1 Humongous Allocation)
Event: 5.735 Executing VM operation: G1TryInitiateConcMark (G1 Humongous Allocation) done
Event: 5.760 Executing VM operation: G1PauseRemark
Event: 5.762 Executing VM operation: G1PauseRemark done
Event: 5.781 Executing VM operation: G1PauseCleanup
Event: 5.781 Executing VM operation: G1PauseCleanup done
Event: 5.810 Executing VM operation: G1CollectForAllocation (G1 Evacuation Pause)
Event: 5.816 Executing VM operation: G1CollectForAllocation (G1 Evacuation Pause) done
Event: 5.885 Executing VM operation: G1CollectForAllocation (G1 Evacuation Pause)
Event: 5.895 Executing VM operation: G1CollectForAllocation (G1 Evacuation Pause) done
Event: 5.953 Executing VM operation: G1CollectForAllocation (G1 Evacuation Pause)

Memory protections (0 events):
No events

Nmethod flushes (20 events):
Event: 5.415 Thread 0x0000019b267be1f0 flushing  nmethod 0x0000019b1eaf2f10
Event: 5.415 Thread 0x0000019b267be1f0 flushing  nmethod 0x0000019b1eaf4890
Event: 5.415 Thread 0x0000019b267be1f0 flushing  nmethod 0x0000019b1eaf5290
Event: 5.415 Thread 0x0000019b267be1f0 flushing  nmethod 0x0000019b1eaf5790
Event: 5.415 Thread 0x0000019b267be1f0 flushing  nmethod 0x0000019b1eaf7990
Event: 5.415 Thread 0x0000019b267be1f0 flushing  nmethod 0x0000019b1eaf7f90
Event: 5.415 Thread 0x0000019b267be1f0 flushing  nmethod 0x0000019b1eaf8610
Event: 5.415 Thread 0x0000019b267be1f0 flushing  nmethod 0x0000019b1eb53810
Event: 5.415 Thread 0x0000019b267be1f0 flushing  nmethod 0x0000019b1eb53b90
Event: 5.415 Thread 0x0000019b267be1f0 flushing  nmethod 0x0000019b1eb54110
Event: 5.415 Thread 0x0000019b267be1f0 flushing  nmethod 0x0000019b1ef5e590
Event: 5.762 Thread 0x0000019b267be1f0 flushing  nmethod 0x0000019b1f075510
Event: 5.762 Thread 0x0000019b267be1f0 flushing  nmethod 0x0000019b1f075a10
Event: 5.762 Thread 0x0000019b267be1f0 flushing  nmethod 0x0000019b1f071810
Event: 5.762 Thread 0x0000019b267be1f0 flushing  nmethod 0x0000019b1f09eb90
Event: 5.762 Thread 0x0000019b267be1f0 flushing  nmethod 0x0000019b1f0a3c90
Event: 5.762 Thread 0x0000019b267be1f0 flushing  nmethod 0x0000019b1f0b0510
Event: 5.762 Thread 0x0000019b267be1f0 flushing  nmethod 0x0000019b1f08f190
Event: 5.762 Thread 0x0000019b267be1f0 flushing  nmethod 0x0000019b1ef7b910
Event: 5.762 Thread 0x0000019b267be1f0 flushing  nmethod 0x0000019b1ed75410

Events (20 events):
Event: 2.595 Thread 0x0000019b6c9bb7a0 Thread added: 0x0000019b6c9ba3f0
Event: 2.596 Thread 0x0000019b6c9ba3f0 Thread added: 0x0000019b6e13d160
Event: 2.598 Thread 0x0000019b6c9bb7a0 Thread added: 0x0000019b6e13cad0
Event: 2.601 Thread 0x0000019b6c4cabc0 Thread added: 0x0000019b6e13e510
Event: 2.608 Thread 0x0000019b6e13e510 Thread exited: 0x0000019b6e13e510
Event: 2.628 Thread 0x0000019b6c9bb7a0 Thread added: 0x0000019b6e13b720
Event: 3.111 Thread 0x0000019b6c4cabc0 Thread added: 0x0000019b6e13bdb0
Event: 3.114 Thread 0x0000019b6e13bdb0 Thread exited: 0x0000019b6e13bdb0
Event: 3.343 Thread 0x0000019b6c9bb7a0 Thread added: 0x0000019b6e13d7f0
Event: 3.460 Thread 0x0000019b6e13d7f0 Thread added: 0x0000019b6e13de80
Event: 3.616 Thread 0x0000019b6c4cabc0 Thread added: 0x0000019b6e13bdb0
Event: 3.618 Thread 0x0000019b6e13bdb0 Thread exited: 0x0000019b6e13bdb0
Event: 4.120 Thread 0x0000019b6c4cabc0 Thread added: 0x0000019b6e13bdb0
Event: 4.122 Thread 0x0000019b6e13bdb0 Thread exited: 0x0000019b6e13bdb0
Event: 4.625 Thread 0x0000019b6c4cabc0 Thread added: 0x0000019b6f11f6a0
Event: 4.631 Thread 0x0000019b6f11f6a0 Thread exited: 0x0000019b6f11f6a0
Event: 5.134 Thread 0x0000019b6c4cabc0 Thread added: 0x0000019b6f121770
Event: 5.139 Thread 0x0000019b6f121770 Thread exited: 0x0000019b6f121770
Event: 5.640 Thread 0x0000019b6c4cabc0 Thread added: 0x0000019b6c3f5d10
Event: 5.643 Thread 0x0000019b6c3f5d10 Thread exited: 0x0000019b6c3f5d10


Dynamic libraries:
0x00007ff667b50000 - 0x00007ff667b5e000 	C:\Users\pc\.jdks\ms-21.0.7\bin\java.exe
0x00007ffb27d70000 - 0x00007ffb27f68000 	C:\WINDOWS\SYSTEM32\ntdll.dll
0x00007ffb26820000 - 0x00007ffb268e2000 	C:\WINDOWS\System32\KERNEL32.DLL
0x00007ffb25930000 - 0x00007ffb25c26000 	C:\WINDOWS\System32\KERNELBASE.dll
0x00007ffb25690000 - 0x00007ffb25790000 	C:\WINDOWS\System32\ucrtbase.dll
0x00007ffb1f8c0000 - 0x00007ffb1f8d8000 	C:\Users\pc\.jdks\ms-21.0.7\bin\jli.dll
0x00007ffb1f8e0000 - 0x00007ffb1f8fd000 	C:\Users\pc\.jdks\ms-21.0.7\bin\VCRUNTIME140.dll
0x00007ffb25d90000 - 0x00007ffb25f2d000 	C:\WINDOWS\System32\USER32.dll
0x00007ffb255b0000 - 0x00007ffb255d2000 	C:\WINDOWS\System32\win32u.dll
0x00007ffb0ff50000 - 0x00007ffb101ea000 	C:\WINDOWS\WinSxS\amd64_microsoft.windows.common-controls_6595b64144ccf1df_6.0.19041.5915_none_60b4b9d171f9c7c7\COMCTL32.dll
0x00007ffb26960000 - 0x00007ffb2698b000 	C:\WINDOWS\System32\GDI32.dll
0x00007ffb25f30000 - 0x00007ffb25fce000 	C:\WINDOWS\System32\msvcrt.dll
0x00007ffb25810000 - 0x00007ffb25929000 	C:\WINDOWS\System32\gdi32full.dll
0x00007ffb25430000 - 0x00007ffb254cd000 	C:\WINDOWS\System32\msvcp_win.dll
0x00007ffb26150000 - 0x00007ffb2617f000 	C:\WINDOWS\System32\IMM32.DLL
0x00007ffb1f8b0000 - 0x00007ffb1f8bc000 	C:\Users\pc\.jdks\ms-21.0.7\bin\vcruntime140_1.dll
0x00007ffb1f820000 - 0x00007ffb1f8ad000 	C:\Users\pc\.jdks\ms-21.0.7\bin\msvcp140.dll
0x00007ffaa8aa0000 - 0x00007ffaa9838000 	C:\Users\pc\.jdks\ms-21.0.7\bin\server\jvm.dll
0x00007ffb26990000 - 0x00007ffb26a41000 	C:\WINDOWS\System32\ADVAPI32.dll
0x00007ffb27c70000 - 0x00007ffb27d0f000 	C:\WINDOWS\System32\sechost.dll
0x00007ffb27540000 - 0x00007ffb27663000 	C:\WINDOWS\System32\RPCRT4.dll
0x00007ffb25400000 - 0x00007ffb25427000 	C:\WINDOWS\System32\bcrypt.dll
0x00007ffb268f0000 - 0x00007ffb2695b000 	C:\WINDOWS\System32\WS2_32.dll
0x00007ffb24a90000 - 0x00007ffb24adb000 	C:\WINDOWS\SYSTEM32\POWRPROF.dll
0x00007ffb103f0000 - 0x00007ffb10417000 	C:\WINDOWS\SYSTEM32\WINMM.dll
0x00007ffb19f90000 - 0x00007ffb19f9a000 	C:\WINDOWS\SYSTEM32\VERSION.dll
0x00007ffb24a70000 - 0x00007ffb24a82000 	C:\WINDOWS\SYSTEM32\UMPDC.dll
0x00007ffb23c20000 - 0x00007ffb23c32000 	C:\WINDOWS\SYSTEM32\kernel.appcore.dll
0x00007ffb1d100000 - 0x00007ffb1d10a000 	C:\Users\pc\.jdks\ms-21.0.7\bin\jimage.dll
0x00007ffb23170000 - 0x00007ffb23371000 	C:\WINDOWS\SYSTEM32\DBGHELP.DLL
0x00007ffb0c760000 - 0x00007ffb0c794000 	C:\WINDOWS\SYSTEM32\dbgcore.DLL
0x00007ffb254d0000 - 0x00007ffb25552000 	C:\WINDOWS\System32\bcryptPrimitives.dll
0x00007ffb1d0f0000 - 0x00007ffb1d0ff000 	C:\Users\pc\.jdks\ms-21.0.7\bin\instrument.dll
0x00007ffb1d080000 - 0x00007ffb1d0a0000 	C:\Users\pc\.jdks\ms-21.0.7\bin\java.dll
0x00007ffb26ae0000 - 0x00007ffb2724e000 	C:\WINDOWS\System32\SHELL32.dll
0x00007ffb23460000 - 0x00007ffb23c04000 	C:\WINDOWS\SYSTEM32\windows.storage.dll
0x00007ffb261e0000 - 0x00007ffb26533000 	C:\WINDOWS\System32\combase.dll
0x00007ffb24e30000 - 0x00007ffb24e5b000 	C:\WINDOWS\SYSTEM32\Wldp.dll
0x00007ffb27470000 - 0x00007ffb2753d000 	C:\WINDOWS\System32\OLEAUT32.dll
0x00007ffb26770000 - 0x00007ffb2681d000 	C:\WINDOWS\System32\SHCORE.dll
0x00007ffb26710000 - 0x00007ffb2676b000 	C:\WINDOWS\System32\shlwapi.dll
0x00007ffb25330000 - 0x00007ffb25354000 	C:\WINDOWS\SYSTEM32\profapi.dll
0x00007ffb1a950000 - 0x00007ffb1a968000 	C:\Users\pc\.jdks\ms-21.0.7\bin\zip.dll
0x00007ffb1a990000 - 0x00007ffb1a9a0000 	C:\Users\pc\.jdks\ms-21.0.7\bin\net.dll
0x00007ffb1c0a0000 - 0x00007ffb1c1aa000 	C:\WINDOWS\SYSTEM32\WINHTTP.dll
0x00007ffb24b90000 - 0x00007ffb24bfa000 	C:\WINDOWS\system32\mswsock.dll
0x00007ffb1a970000 - 0x00007ffb1a986000 	C:\Users\pc\.jdks\ms-21.0.7\bin\nio.dll
0x00007ffb24840000 - 0x00007ffb2490a000 	C:\WINDOWS\SYSTEM32\DNSAPI.dll
0x00007ffb24800000 - 0x00007ffb2483b000 	C:\WINDOWS\SYSTEM32\IPHLPAPI.DLL
0x00007ffb26a50000 - 0x00007ffb26a58000 	C:\WINDOWS\System32\NSI.dll
0x00007ffb1a940000 - 0x00007ffb1a949000 	C:\Users\pc\.jdks\ms-21.0.7\bin\extnet.dll
0x00007ffb11830000 - 0x00007ffb1183a000 	C:\Windows\System32\rasadhlp.dll
0x00007ffb11850000 - 0x00007ffb118d0000 	C:\WINDOWS\System32\fwpuclnt.dll
0x00007ffb19620000 - 0x00007ffb1962a000 	C:\Users\pc\.jdks\ms-21.0.7\bin\management.dll
0x00007ffb19610000 - 0x00007ffb1961b000 	C:\Users\pc\.jdks\ms-21.0.7\bin\management_ext.dll
0x00007ffb27250000 - 0x00007ffb27258000 	C:\WINDOWS\System32\PSAPI.DLL
0x00007ffb24d80000 - 0x00007ffb24d98000 	C:\WINDOWS\SYSTEM32\CRYPTSP.dll
0x00007ffb243e0000 - 0x00007ffb24418000 	C:\WINDOWS\system32\rsaenh.dll
0x00007ffb252b0000 - 0x00007ffb252de000 	C:\WINDOWS\SYSTEM32\USERENV.dll
0x00007ffb24da0000 - 0x00007ffb24dac000 	C:\WINDOWS\SYSTEM32\CRYPTBASE.dll
0x00007ffafff20000 - 0x00007ffafff37000 	C:\WINDOWS\system32\napinsp.dll
0x00007ffafff00000 - 0x00007ffafff1b000 	C:\WINDOWS\system32\pnrpnsp.dll
0x00007ffb00090000 - 0x00007ffb000ad000 	C:\WINDOWS\system32\wshbth.dll
0x00007ffb1f230000 - 0x00007ffb1f24d000 	C:\WINDOWS\system32\NLAapi.dll
0x00007ffafffa0000 - 0x00007ffafffb2000 	C:\WINDOWS\System32\winrnr.dll
0x00007ffb09550000 - 0x00007ffb095a1000 	C:\WINDOWS\SYSTEM32\pdh.dll
0x00007ffb1f990000 - 0x00007ffb1f99f000 	C:\WINDOWS\System32\perfproc.dll
0x00007ffb1f7c0000 - 0x00007ffb1f7cf000 	C:\WINDOWS\System32\perfos.dll
0x00007ffb109f0000 - 0x00007ffb109fe000 	C:\Users\pc\.jdks\ms-21.0.7\bin\sunmscapi.dll
0x00007ffb25c30000 - 0x00007ffb25d8d000 	C:\WINDOWS\System32\CRYPT32.dll
0x00007ffb24ea0000 - 0x00007ffb24ec7000 	C:\WINDOWS\SYSTEM32\ncrypt.dll
0x00007ffb24e60000 - 0x00007ffb24e9b000 	C:\WINDOWS\SYSTEM32\NTASN1.dll
0x00007ffb109e0000 - 0x00007ffb109f0000 	C:\Users\pc\.jdks\ms-21.0.7\bin\verify.dll

dbghelp: loaded successfully - version: 4.0.5 - missing functions: none
symbol engine: initialized successfully - sym options: 0x614 - pdb path: .;C:\Users\pc\.jdks\ms-21.0.7\bin;C:\WINDOWS\SYSTEM32;C:\WINDOWS\WinSxS\amd64_microsoft.windows.common-controls_6595b64144ccf1df_6.0.19041.5915_none_60b4b9d171f9c7c7;C:\Users\pc\.jdks\ms-21.0.7\bin\server

VM Arguments:
jvm_args: -XX:TieredStopAtLevel=1 -Dspring.output.ansi.enabled=always -Dcom.sun.management.jmxremote -Dspring.jmx.enabled=true -Dspring.liveBeansView.mbeanDomain -Dspring.application.admin.enabled=true -Dmanagement.endpoints.jmx.exposure.include=* -javaagent:C:\Program Files\JetBrains\IntelliJ IDEA 2024.3.4.1\lib\idea_rt.jar=58075 -Dfile.encoding=UTF-8 -Dsun.stdout.encoding=UTF-8 -Dsun.stderr.encoding=UTF-8 
java_command: com.example.datn.DatnApplication
java_class_path (initial): C:\Users\pc\IdeaProjects\DATN\target\classes;C:\Users\pc\.m2\repository\org\springframework\boot\spring-boot-starter-web\3.5.0\spring-boot-starter-web-3.5.0.jar;C:\Users\pc\.m2\repository\org\springframework\boot\spring-boot-starter\3.5.0\spring-boot-starter-3.5.0.jar;C:\Users\pc\.m2\repository\org\springframework\boot\spring-boot-starter-logging\3.5.0\spring-boot-starter-logging-3.5.0.jar;C:\Users\pc\.m2\repository\ch\qos\logback\logback-classic\1.5.18\logback-classic-1.5.18.jar;C:\Users\pc\.m2\repository\ch\qos\logback\logback-core\1.5.18\logback-core-1.5.18.jar;C:\Users\pc\.m2\repository\org\apache\logging\log4j\log4j-to-slf4j\2.24.3\log4j-to-slf4j-2.24.3.jar;C:\Users\pc\.m2\repository\org\apache\logging\log4j\log4j-api\2.24.3\log4j-api-2.24.3.jar;C:\Users\pc\.m2\repository\org\slf4j\jul-to-slf4j\2.0.17\jul-to-slf4j-2.0.17.jar;C:\Users\pc\.m2\repository\jakarta\annotation\jakarta.annotation-api\2.1.1\jakarta.annotation-api-2.1.1.jar;C:\Users\pc\.m2\repository\org\yaml\snakeyaml\2.4\snakeyaml-2.4.jar;C:\Users\pc\.m2\repository\org\springframework\boot\spring-boot-starter-json\3.5.0\spring-boot-starter-json-3.5.0.jar;C:\Users\pc\.m2\repository\com\fasterxml\jackson\core\jackson-databind\2.19.0\jackson-databind-2.19.0.jar;C:\Users\pc\.m2\repository\com\fasterxml\jackson\core\jackson-annotations\2.19.0\jackson-annotations-2.19.0.jar;C:\Users\pc\.m2\repository\com\fasterxml\jackson\core\jackson-core\2.19.0\jackson-core-2.19.0.jar;C:\Users\pc\.m2\repository\com\fasterxml\jackson\datatype\jackson-datatype-jdk8\2.19.0\jackson-datatype-jdk8-2.19.0.jar;C:\Users\pc\.m2\repository\com\fasterxml\jackson\datatype\jackson-datatype-jsr310\2.19.0\jackson-datatype-jsr310-2.19.0.jar;C:\Users\pc\.m2\repository\com\fasterxml\jackson\module\jackson-module-parameter-names\2.19.0\jackson-module-parameter-names-2.19.0.jar;C:\Users\pc\.m2\repository\org\springframework\boot\spring-boot-starter-tomcat\3.5.0\spring-boot-starter-tomcat-3.5.0.jar;C:\Users\pc\.m2\repository\org\apache\tomcat\embed\tomcat-embed-core\10.1.41\tomcat-embed-core-10.1.41.jar;C:\Users\pc\.m2\repository\org\apache\tomcat\embed\tomcat-embed-websocket\10.1.41\tomcat-embed-websocket-10.1.41.jar;C:\Users\pc\.m2\repository\org\springframework\spring-web\6.2.7\spring-web-6.2.7.jar;C:\Users\pc\.m2\repository\org\springframework\spring-beans\6.2.7\spring-beans-6.2.7.jar;C:\Users\pc\.m2\repository\io\micrometer\micrometer-observation\1.15.0\micrometer-observation-1.15.0.jar;C:\Users\pc\.m2\repository\io\micrometer\micrometer-commons\1.15.0\micrometer-commons-1.15.0.jar;C:\Users\pc\.m2\repository\org\springframework\spring-webmvc\6.2.7\spring-webmvc-6.2.7.jar;C:\Users\pc\.m2\repository\org\springframework\spring-context\6.2.7\spring-context-6.2.7.jar;C:\Users\pc\.m2\repository\org\springframework\spring-expression\6.2.7\spring-expression-6.2.7.jar;C:\Users\pc\.m2\repository\org\springframework\boot\spring-boot-starter-validation\3.5.0\spring-boot-starter-validation-3.5.0.jar;C:\Users\pc\.m2\repository\org\apache\tomcat\embed\tomcat-embed-el\10.1.41\tomcat-embed-el-10.1.41.jar;C:\Users\pc\.m2\repository\org\hibernate\validator\hibernate-validator\8.0.2.Final\hibernate-validator-8.0.2.Final.jar;C:\Users\pc\.m2\repository\jakarta\validation\jakarta.validation-api\3.0.2\jakarta.validation-api-3.0.2.jar;C:\Users\pc\.m2\repository\org\jboss\logging\jboss-logging\3.6.1.Final\jboss-logging-3.6.1.Final.jar;C:\Users\pc\.m2\repository\com\fasterxml\classmate\1.7.0\classmate-1.7.0.jar;C:\Users\pc\.m2\repository\org\springframework\boot\spring-boot-starter-data-jpa\3.5.0\spring-boot-starter-data-jpa-3.5.0.jar;C:\Users\pc\.m2\repository\org\springframework\boot\spring-boot-starter-jdbc\3.5.0\spring-boot-starter-jdbc-3.5.0.jar;C:\Users\pc\.m2\repository\com\zaxxer\HikariCP\6.3.0\HikariCP-6.3.0.jar;C:\Users\pc\.m2\repository\org\springframework\spring-jdbc\6.2.7\spring-jdbc-6.2.7.jar;C:\Users\pc\.m2\repository\org\hibernate\orm\hibernate-core\6.6.15.Final\hibernate-core-6.6.15.Final.jar;C:\Users\pc\.m2\repository\jakarta\persistence\jakarta.persistence-api\3.1.0\jakarta.persistence-api-3.1.0.jar;C:\Users\pc\.m2\repository\jakarta\transaction\jakarta.transaction-api\2.0.1\jakarta.transaction-api-2.0.1.jar;C:\Users\pc\.m2\repository\org\hibernate\common\hibernate-commons-annotations\7.0.3.Final\hibernate-commons-annotations-7.0.3.Final.jar;C:\Users\pc\.m2\repository\io\smallrye\jandex\3.2.0\jandex-3.2.0.jar;C:\Users\pc\.m2\repository\net\bytebuddy\byte-buddy\1.17.5\byte-buddy-1.17.5.jar;C:\Users\pc\.m2\repository\org\glassfish\jaxb\jaxb-runtime\4.0.5\jaxb-runtime-4.0.5.jar;C:\Users\pc\.m2\repository\org\glassfish\jaxb\jaxb-core\4.0.5\jaxb-core-4.0.5.jar;C:\Users\pc\.m2\repository\org\glassfish\jaxb\txw2\4.0.5\txw2-4.0.5.jar;C:\Users\pc\.m2\repository\com\sun\istack\istack-commons-runtime\4.1.2\istack-commons-runtime-4.1.2.jar;C:\Users\pc\.m2\repository\jakarta\inject\jakarta.inject-api\2.0.1\jakarta.inject-api-2.0.1.jar;C:\Users\pc\.m2\repository\org\antlr\antlr4-runtime\4.13.0\antlr4-runtime-4.13.0.jar;C:\Users\pc\.m2\repository\org\springframework\data\spring-data-jpa\3.5.0\spring-data-jpa-3.5.0.jar;C:\Users\pc\.m2\repository\org\springframework\data\spring-data-commons\3.5.0\spring-data-commons-3.5.0.jar;C:\Users\pc\.m2\repository\org\springframework\spring-orm\6.2.7\spring-orm-6.2.7.jar;C:\Users\pc\.m2\repository\org\springframework\spring-tx\6.2.7\spring-tx-6.2.7.jar;C:\Users\pc\.m2\repository\org\slf4j\slf4j-api\2.0.17\slf4j-api-2.0.17.jar;C:\Users\pc\.m2\repository\org\springframework\spring-aspects\6.2.7\spring-aspects-6.2.7.jar;C:\Users\pc\.m2\repository\org\aspectj\aspectjweaver\1.9.24\aspectjweaver-1.9.24.jar;C:\Users\pc\.m2\repository\com\mysql\mysql-connector-j\9.2.0\mysql-connector-j-9.2.0.jar;C:\Users\pc\.m2\repository\io\github\wimdeblauwe\error-handling-spring-boot-starter\4.6.0\error-handling-spring-boot-starter-4.6.0.jar;C:\Users\pc\.m2\repository\com\itextpdf\itextpdf\5.5.13.2\itextpdf-5.5.13.2.jar;C:\Users\pc\.m2\repository\org\springdoc\springdoc-openapi-starter-webmvc-ui\2.8.6\springdoc-openapi-starter-webmvc-ui-2.8.6.jar;C:\Users\pc\.m2\repository\org\springdoc\springdoc-openapi-starter-webmvc-api\2.8.6\springdoc-openapi-starter-webmvc-api-2.8.6.jar;C:\Users\pc\.m2\repository\org\springdoc\springdoc-openapi-starter-common\2.8.6\springdoc-openapi-starter-common-2.8.6.jar;C:\Users\pc\.m2\repository\io\swagger\core\v3\swagger-core-jakarta\2.2.29\swagger-core-jakarta-2.2.29.jar;C:\Users\pc\.m2\repository\io\swagger\core\v3\swagger-annotations-jakarta\2.2.29\swagger-annotations-jakarta-2.2.29.jar;C:\Users\pc\.m2\repository\io\swagger\core\v3\swagger-models-jakarta\2.2.29\swagger-models-jakarta-2.2.29.jar;C:\Users\pc\.m2\repository\com\fasterxml\jackson\dataformat\jackson-dataformat-yaml\2.19.0\jackson-dataformat-yaml-2.19.0.jar;C:\Users\pc\.m2\repository\org\webjars\swagger-ui\5.20.1\swagger-ui-5.20.1.jar;C:\Users\pc\.m2\repository\org\webjars\webjars-locator-lite\1.1.0\webjars-locator-lite-1.1.0.jar;C:\Users\pc\.m2\repository\org\jspecify\jspecify\1.0.0\jspecify-1.0.0.jar;C:\Users\pc\.m2\repository\org\apache\commons\commons-lang3\3.17.0\commons-lang3-3.17.0.jar;C:\Users\pc\.m2\repository\org\projectlombok\lombok\1.18.38\lombok-1.18.38.jar;C:\Users\pc\.m2\repository\org\springframework\boot\spring-boot-devtools\3.5.0\spring-boot-devtools-3.5.0.jar;C:\Users\pc\.m2\repository\org\springframework\boot\spring-boot\3.5.0\spring-boot-3.5.0.jar;C:\Users\pc\.m2\repository\org\springframework\boot\spring-boot-autoconfigure\3.5.0\spring-boot-autoconfigure-3.5.0.jar;C:\Users\pc\.m2\repository\jakarta\xml\bind\jakarta.xml.bind-api\4.0.2\jakarta.xml.bind-api-4.0.2.jar;C:\Users\pc\.m2\repository\org\springframework\spring-core\6.2.7\spring-core-6.2.7.jar;C:\Users\pc\.m2\repository\org\springframework\spring-jcl\6.2.7\spring-jcl-6.2.7.jar;C:\Users\pc\.m2\repository\org\springframework\boot\spring-boot-starter-security\3.5.0\spring-boot-starter-security-3.5.0.jar;C:\Users\pc\.m2\repository\org\springframework\spring-aop\6.2.7\spring-aop-6.2.7.jar;C:\Users\pc\.m2\repository\org\springframework\security\spring-security-config\6.5.0\spring-security-config-6.5.0.jar;C:\Users\pc\.m2\repository\org\springframework\security\spring-security-core\6.5.0\spring-security-core-6.5.0.jar;C:\Users\pc\.m2\repository\org\springframework\security\spring-security-crypto\6.5.0\spring-security-crypto-6.5.0.jar;C:\Users\pc\.m2\repository\org\springframework\security\spring-security-web\6.5.0\spring-security-web-6.5.0.jar;C:\Users\pc\.m2\repository\org\springframework\boot\spring-boot-configuration-processor\3.5.0\spring-boot-configuration-processor-3.5.0.jar;C:\Users\pc\.m2\repository\org\mapstruct\mapstruct\1.5.5.Final\mapstruct-1.5.5.Final.jar;C:\Users\pc\.m2\repository\org\mapstruct\mapstruct-processor\1.5.5.Final\mapstruct-processor-1.5.5.Final.jar;C:\Users\pc\.m2\repository\org\springframework\boot\spring-boot-starter-mail\3.5.0\spring-boot-starter-mail-3.5.0.jar;C:\Users\pc\.m2\repository\org\springframework\spring-context-support\6.2.7\spring-context-support-6.2.7.jar;C:\Users\pc\.m2\repository\org\eclipse\angus\jakarta.mail\2.0.3\jakarta.mail-2.0.3.jar;C:\Users\pc\.m2\repository\org\eclipse\angus\angus-activation\2.0.2\angus-activation-2.0.2.jar;C:\Users\pc\.m2\repository\jakarta\mail\jakarta.mail-api\2.1.0\jakarta.mail-api-2.1.0.jar;C:\Users\pc\.m2\repository\jakarta\activation\jakarta.activation-api\2.1.3\jakarta.activation-api-2.1.3.jar
Launcher Type: SUN_STANDARD

[Global flags]
     intx CICompilerCount                          = 4                                         {product} {ergonomic}
     uint ConcGCThreads                            = 3                                         {product} {ergonomic}
     uint G1ConcRefinementThreads                  = 10                                        {product} {ergonomic}
   size_t G1HeapRegionSize                         = 1048576                                   {product} {ergonomic}
    uintx GCDrainStackTargetSize                   = 64                                        {product} {ergonomic}
   size_t InitialHeapSize                          = 132120576                                 {product} {ergonomic}
     bool ManagementServer                         = true                                      {product} {command line}
   size_t MarkStackSize                            = 4194304                                   {product} {ergonomic}
   size_t MaxHeapSize                              = 2090860544                                {product} {ergonomic}
   size_t MaxNewSize                               = 1254096896                                {product} {ergonomic}
   size_t MinHeapDeltaBytes                        = 1048576                                   {product} {ergonomic}
   size_t MinHeapSize                              = 8388608                                   {product} {ergonomic}
    uintx NonNMethodCodeHeapSize                   = 4096                                   {pd product} {ergonomic}
    uintx NonProfiledCodeHeapSize                  = 0                                      {pd product} {ergonomic}
     bool ProfileInterpreter                       = false                                  {pd product} {command line}
    uintx ProfiledCodeHeapSize                     = 0                                      {pd product} {ergonomic}
   size_t SoftMaxHeapSize                          = 2090860544                             {manageable} {ergonomic}
     intx TieredStopAtLevel                        = 1                                         {product} {command line}
     bool UseCompressedOops                        = true                           {product lp64_product} {ergonomic}
     bool UseG1GC                                  = true                                      {product} {ergonomic}
     bool UseLargePagesIndividualAllocation        = false                                  {pd product} {ergonomic}

Logging:
Log output configuration:
 #0: stdout all=warning uptime,level,tags foldmultilines=false
 #1: stderr all=off uptime,level,tags foldmultilines=false

Environment Variables:
PATH=C:\Program Files\Common Files\Oracle\Java\javapath;C:\WINDOWS\system32;C:\WINDOWS;C:\WINDOWS\System32\Wbem;C:\WINDOWS\System32\WindowsPowerShell\v1.0\;C:\WINDOWS\System32\OpenSSH\;C:\Program Files\Cloudflare\Cloudflare WARP\;C:\Users\pc\AppData\Local\Programs\Python\Python39\;C:\Users\pc\AppData\Local\Programs\Python\Python39\Scripts\;C:\Program Files (x86)\Microsoft SQL Server\160\Tools\Binn\;C:\Program Files\Microsoft SQL Server\160\Tools\Binn\;C:\Program Files\Microsoft SQL Server\Client SDK\ODBC\170\Tools\Binn\;C:\Program Files\Microsoft SQL Server\160\DTS\Binn\;C:\Program Files (x86)\Microsoft SQL Server\160\DTS\Binn\;C:\Program Files\nodejs\;C:\Program Files\Apache\apache-maven-3.9.9\bin;C:\Program Files\Git\cmd;C:\Users\pc\AppData\Local\Microsoft\WindowsApps;C:\Users\pc\AppData\Local\Programs\Microsoft VS Code\bin;C:\Users\pc\AppData\Roaming\npm;C:\Users\pc\AppData\Local\GitHubDesktop\bin
USERNAME=pc
OS=Windows_NT
PROCESSOR_IDENTIFIER=Intel64 Family 6 Model 141 Stepping 1, GenuineIntel
TMP=C:\Users\pc\AppData\Local\Temp
TEMP=C:\Users\pc\AppData\Local\Temp




Periodic native trim disabled

---------------  S Y S T E M  ---------------

OS:
 Windows 10 , 64 bit Build 19041 (10.0.19041.5915)
OS uptime: 0 days 8:41 hours

CPU: total 12 (initial active 12) (6 cores per cpu, 2 threads per core) family 6 model 141 stepping 1 microcode 0x3c, cx8, cmov, fxsr, ht, mmx, 3dnowpref, sse, sse2, sse3, ssse3, sse4.1, sse4.2, popcnt, lzcnt, tsc, tscinvbit, avx, avx2, aes, erms, clmul, bmi1, bmi2, adx, avx512f, avx512dq, avx512cd, avx512bw, avx512vl, sha, fma, vzeroupper, avx512_vpopcntdq, avx512_vpclmulqdq, avx512_vaes, avx512_vnni, clflush, clflushopt, clwb, avx512_vbmi2, avx512_vbmi, rdtscp, rdpid, fsrm, gfni, avx512_bitalg, f16c, pku, cet_ibt, cet_ss, avx512_ifma
Processor Information for the first 12 processors :
  Max Mhz: 2688, Current Mhz: 2688, Mhz Limit: 2688

Memory: 4k page, system-wide physical 7971M (395M free)
TotalPageFile size 20839M (AvailPageFile size 105M)
current process WorkingSet (physical memory assigned to process): 334M, peak: 334M
current process commit charge ("private bytes"): 381M, peak: 536M

vm_info: OpenJDK 64-Bit Server VM (21.0.7+6-LTS) for windows-amd64 JRE (21.0.7+6-LTS), built on 2025-04-09T22:17:25Z by "MicrosoftCorporation" with unknown MS VC++:1939

END.
