#
# There is insufficient memory for the Java Runtime Environment to continue.
# Native memory allocation (mmap) failed to map 83886080 bytes. Error detail: G1 virtual space
# Possible reasons:
#   The system is out of physical RAM or swap space
#   This process is running with CompressedOops enabled, and the Java Heap may be blocking the growth of the native heap
# Possible solutions:
#   Reduce memory load on the system
#   Increase physical memory or swap space
#   Check if swap backing store is full
#   Decrease Java heap size (-Xmx/-Xms)
#   Decrease number of Java threads
#   Decrease Java thread stack sizes (-Xss)
#   Set larger code cache with -XX:ReservedCodeCacheSize=
#   JVM is running with Unscaled Compressed Oops mode in which the Java heap is
#     placed in the first 4GB address space. The Java Heap base address is the
#     maximum limit for the native heap growth. Please use -XX:HeapBaseMinAddress
#     to set the Java Heap base and to place the Java Heap above 4GB virtual address.
# This output file may be truncated or incomplete.
#
#  Out of Memory Error (os_windows.cpp:3736), pid=16840, tid=10008
#
# JRE version: OpenJDK Runtime Environment Microsoft-11369940 (21.0.7+6) (build 21.0.7+6-LTS)
# Java VM: OpenJDK 64-Bit Server VM Microsoft-11369940 (21.0.7+6-LTS, mixed mode, emulated-client, sharing, tiered, compressed oops, compressed class ptrs, g1 gc, windows-amd64)
# No core dump will be written. Minidumps are not enabled by default on client versions of Windows
#

---------------  S U M M A R Y ------------

Command Line: -XX:TieredStopAtLevel=1 -Dspring.output.ansi.enabled=always -Dcom.sun.management.jmxremote -Dspring.jmx.enabled=true -Dspring.liveBeansView.mbeanDomain -Dspring.application.admin.enabled=true -Dmanagement.endpoints.jmx.exposure.include=* -javaagent:C:\Program Files\JetBrains\IntelliJ IDEA 2024.3.4.1\lib\idea_rt.jar=58038 -Dfile.encoding=UTF-8 -Dsun.stdout.encoding=UTF-8 -Dsun.stderr.encoding=UTF-8 com.example.datn.DatnApplication

Host: 11th Gen Intel(R) Core(TM) i5-11400H @ 2.70GHz, 12 cores, 7G,  Windows 10 , 64 bit Build 19041 (10.0.19041.5915)
Time: Sat Jul 26 17:41:58 2025 SE Asia Standard Time elapsed time: 9.355075 seconds (0d 0h 0m 9s)

---------------  T H R E A D  ---------------

Current thread (0x0000029a32d4e5b0):  VMThread "VM Thread"          [id=10008, stack(0x000000eae1e00000,0x000000eae1f00000) (1024K)]

Stack: [0x000000eae1e00000,0x000000eae1f00000]
Native frames: (J=compiled Java code, j=interpreted, Vv=VM code, C=native code)
V  [jvm.dll+0x6d4bb9]
V  [jvm.dll+0x8afa11]
V  [jvm.dll+0x8b1f3e]
V  [jvm.dll+0x8b2623]
V  [jvm.dll+0x280816]
V  [jvm.dll+0x6d1385]
V  [jvm.dll+0x6c552a]
V  [jvm.dll+0x35b978]
V  [jvm.dll+0x3635f6]
V  [jvm.dll+0x3b4b9e]
V  [jvm.dll+0x3b4e48]
V  [jvm.dll+0x32f9bc]
V  [jvm.dll+0x32fa47]
V  [jvm.dll+0x373aec]
V  [jvm.dll+0x3722f8]
V  [jvm.dll+0x32f181]
V  [jvm.dll+0x37195a]
V  [jvm.dll+0x8b834f]
V  [jvm.dll+0x8b9704]
V  [jvm.dll+0x8b9c40]
V  [jvm.dll+0x8b9ee3]
V  [jvm.dll+0x85916b]
V  [jvm.dll+0x6d327d]
C  [ucrtbase.dll+0x21bb2]
C  [KERNEL32.DLL+0x17374]
C  [ntdll.dll+0x4cc91]

VM_Operation (0x000000eae39fb720): G1CollectForAllocation, mode: safepoint, requested by thread 0x0000029a78f896d0


---------------  P R O C E S S  ---------------

Threads class SMR info:
_java_thread_list=0x0000029a7bbaae70, length=26, elements={
0x0000029a21f3e720, 0x0000029a32d6b6e0, 0x0000029a32d6c5f0, 0x0000029a32d70420,
0x0000029a32d72260, 0x0000029a32d76100, 0x0000029a32d746c0, 0x0000029a32d79ac0,
0x0000029a32d75a70, 0x0000029a7804f8a0, 0x0000029a7838ae00, 0x0000029a32d74d50,
0x0000029a32d753e0, 0x0000029a32d74030, 0x0000029a32d76790, 0x0000029a32d73310,
0x0000029a32d739a0, 0x0000029a78f8be30, 0x0000029a78f896d0, 0x0000029a78f8d1e0,
0x0000029a78f8b7a0, 0x0000029a78f8cb50, 0x0000029a78f8d870, 0x0000029a78f8a3f0,
0x0000029a78f8df00, 0x0000029a78f8f2b0
}

Java Threads: ( => current thread )
  0x0000029a21f3e720 JavaThread "main"                              [_thread_blocked, id=4824, stack(0x000000eae1700000,0x000000eae1800000) (1024K)]
  0x0000029a32d6b6e0 JavaThread "Reference Handler"          daemon [_thread_blocked, id=14168, stack(0x000000eae1f00000,0x000000eae2000000) (1024K)]
  0x0000029a32d6c5f0 JavaThread "Finalizer"                  daemon [_thread_blocked, id=9816, stack(0x000000eae2000000,0x000000eae2100000) (1024K)]
  0x0000029a32d70420 JavaThread "Signal Dispatcher"          daemon [_thread_blocked, id=16076, stack(0x000000eae2100000,0x000000eae2200000) (1024K)]
  0x0000029a32d72260 JavaThread "Attach Listener"            daemon [_thread_blocked, id=2484, stack(0x000000eae2200000,0x000000eae2300000) (1024K)]
  0x0000029a32d76100 JavaThread "Service Thread"             daemon [_thread_blocked, id=13480, stack(0x000000eae2300000,0x000000eae2400000) (1024K)]
  0x0000029a32d746c0 JavaThread "Monitor Deflation Thread"   daemon [_thread_blocked, id=11320, stack(0x000000eae2400000,0x000000eae2500000) (1024K)]
  0x0000029a32d79ac0 JavaThread "C1 CompilerThread0"         daemon [_thread_blocked, id=4272, stack(0x000000eae2500000,0x000000eae2600000) (1024K)]
  0x0000029a32d75a70 JavaThread "Common-Cleaner"             daemon [_thread_blocked, id=18068, stack(0x000000eae2600000,0x000000eae2700000) (1024K)]
  0x0000029a7804f8a0 JavaThread "C1 CompilerThread1"         daemon [_thread_blocked, id=11484, stack(0x000000eae2700000,0x000000eae2800000) (1024K)]
  0x0000029a7838ae00 JavaThread "C1 CompilerThread2"         daemon [_thread_blocked, id=2496, stack(0x000000eae2800000,0x000000eae2900000) (1024K)]
  0x0000029a32d74d50 JavaThread "Monitor Ctrl-Break"         daemon [_thread_in_native, id=18284, stack(0x000000eae2900000,0x000000eae2a00000) (1024K)]
  0x0000029a32d753e0 JavaThread "Notification Thread"        daemon [_thread_blocked, id=5788, stack(0x000000eae2a00000,0x000000eae2b00000) (1024K)]
  0x0000029a32d74030 JavaThread "RMI TCP Accept-0"           daemon [_thread_in_native, id=15664, stack(0x000000eae2b00000,0x000000eae2c00000) (1024K)]
  0x0000029a32d76790 JavaThread "RMI TCP Connection(1)-192.168.1.2" daemon [_thread_blocked, id=7232, stack(0x000000eae2c00000,0x000000eae2d00000) (1024K)]
  0x0000029a32d73310 JavaThread "RMI Scheduler(0)"           daemon [_thread_blocked, id=4012, stack(0x000000eae2d00000,0x000000eae2e00000) (1024K)]
  0x0000029a32d739a0 JavaThread "JMX server connection timeout 26" daemon [_thread_blocked, id=3912, stack(0x000000eae2e00000,0x000000eae2f00000) (1024K)]
  0x0000029a78f8be30 JavaThread "Thread-0"                          [_thread_blocked, id=18044, stack(0x000000eae3800000,0x000000eae3900000) (1024K)]
  0x0000029a78f896d0 JavaThread "restartedMain"                     [_thread_blocked, id=17864, stack(0x000000eae3900000,0x000000eae3a00000) (1024K)]
  0x0000029a78f8d1e0 JavaThread "Catalina-utility-1"                [_thread_blocked, id=10856, stack(0x000000eae3a00000,0x000000eae3b00000) (1024K)]
  0x0000029a78f8b7a0 JavaThread "Catalina-utility-2"                [_thread_blocked, id=16068, stack(0x000000eae3d00000,0x000000eae3e00000) (1024K)]
  0x0000029a78f8cb50 JavaThread "container-0"                       [_thread_blocked, id=13540, stack(0x000000eae3e00000,0x000000eae3f00000) (1024K)]
  0x0000029a78f8d870 JavaThread "mysql-cj-abandoned-connection-cleanup" daemon [_thread_blocked, id=12812, stack(0x000000eae3f00000,0x000000eae4000000) (1024K)]
  0x0000029a78f8a3f0 JavaThread "HikariPool-1:housekeeper"   daemon [_thread_blocked, id=11652, stack(0x000000eae4100000,0x000000eae4200000) (1024K)]
  0x0000029a78f8df00 JavaThread "HikariPool-1:connection-adder" daemon [_thread_blocked, id=2916, stack(0x000000eae4200000,0x000000eae4300000) (1024K)]
  0x0000029a78f8f2b0 JavaThread "RMI TCP Connection(2)-192.168.1.2" daemon [_thread_in_native, id=2724, stack(0x000000eae4300000,0x000000eae4400000) (1024K)]
Total: 26

Other Threads:
=>0x0000029a32d4e5b0 VMThread "VM Thread"                           [id=10008, stack(0x000000eae1e00000,0x000000eae1f00000) (1024K)]
  0x0000029a32d39260 WatcherThread "VM Periodic Task Thread"        [id=11536, stack(0x000000eae1d00000,0x000000eae1e00000) (1024K)]
  0x0000029a21f95a90 WorkerThread "GC Thread#0"                     [id=13040, stack(0x000000eae1800000,0x000000eae1900000) (1024K)]
  0x0000029a32d4d390 WorkerThread "GC Thread#1"                     [id=2224, stack(0x000000eae2f00000,0x000000eae3000000) (1024K)]
  0x0000029a32d4e950 WorkerThread "GC Thread#2"                     [id=12396, stack(0x000000eae3000000,0x000000eae3100000) (1024K)]
  0x0000029a32d4d730 WorkerThread "GC Thread#3"                     [id=13300, stack(0x000000eae3100000,0x000000eae3200000) (1024K)]
  0x0000029a32d4dad0 WorkerThread "GC Thread#4"                     [id=16632, stack(0x000000eae3200000,0x000000eae3300000) (1024K)]
  0x0000029a32d4cff0 WorkerThread "GC Thread#5"                     [id=6452, stack(0x000000eae3300000,0x000000eae3400000) (1024K)]
  0x0000029a32d4e210 WorkerThread "GC Thread#6"                     [id=17332, stack(0x000000eae3400000,0x000000eae3500000) (1024K)]
  0x0000029a32d4de70 WorkerThread "GC Thread#7"                     [id=16316, stack(0x000000eae3500000,0x000000eae3600000) (1024K)]
  0x0000029a7898aee0 WorkerThread "GC Thread#8"                     [id=10616, stack(0x000000eae3600000,0x000000eae3700000) (1024K)]
  0x0000029a7898de00 WorkerThread "GC Thread#9"                     [id=12968, stack(0x000000eae3700000,0x000000eae3800000) (1024K)]
  0x0000029a21fa6470 ConcurrentGCThread "G1 Main Marker"            [id=2200, stack(0x000000eae1900000,0x000000eae1a00000) (1024K)]
  0x0000029a21fa7620 WorkerThread "G1 Conc#0"                       [id=6108, stack(0x000000eae1a00000,0x000000eae1b00000) (1024K)]
  0x0000029a7898e1a0 WorkerThread "G1 Conc#1"                       [id=14844, stack(0x000000eae3b00000,0x000000eae3c00000) (1024K)]
  0x0000029a7898b620 WorkerThread "G1 Conc#2"                       [id=11812, stack(0x000000eae3c00000,0x000000eae3d00000) (1024K)]
  0x0000029a21ffe9f0 ConcurrentGCThread "G1 Refine#0"               [id=12844, stack(0x000000eae1b00000,0x000000eae1c00000) (1024K)]
  0x0000029a32c0c690 ConcurrentGCThread "G1 Service"                [id=12776, stack(0x000000eae1c00000,0x000000eae1d00000) (1024K)]
Total: 18

Threads with active compile tasks:
Total: 0

VM state: at safepoint (normal execution)

VM Mutex/Monitor currently owned by a thread:  ([mutex/lock_event])
[0x00007ffaa9756478] Threads_lock - owner thread: 0x0000029a32d4e5b0
[0x00007ffaa9756578] Heap_lock - owner thread: 0x0000029a78f896d0

Heap address: 0x0000000083600000, size: 1994 MB, Compressed Oops mode: 32-bit

CDS archive(s) mapped at: [0x0000029a33000000-0x0000029a33c80000-0x0000029a33c80000), size 13107200, SharedBaseAddress: 0x0000029a33000000, ArchiveRelocationMode: 1.
Compressed class space mapped at: 0x0000029a34000000-0x0000029a74000000, reserved size: 1073741824
Narrow klass base: 0x0000029a33000000, Narrow klass shift: 0, Narrow klass range: 0x100000000

GC Precious Log:
 CardTable entry size: 512
 Card Set container configuration: InlinePtr #cards 5 size 8 Array Of Cards #cards 12 size 40 Howl #buckets 4 coarsen threshold 1843 Howl Bitmap #cards 512 size 80 coarsen threshold 460 Card regions per heap region 1 cards per card region 2048
 CPUs: 12 total, 12 available
 Memory: 7971M
 Large Page Support: Disabled
 NUMA Support: Disabled
 Compressed Oops: Enabled (32-bit)
 Heap Region Size: 1M
 Heap Min Capacity: 8M
 Heap Initial Capacity: 126M
 Heap Max Capacity: 1994M
 Pre-touch: Disabled
 Parallel Workers: 10
 Concurrent Workers: 3
 Concurrent Refinement Workers: 10
 Periodic GC: Disabled

Heap:
 garbage-first heap   total 131072K, used 77056K [0x0000000083600000, 0x0000000100000000)
  region size 1024K, 3 young (3072K), 3 survivors (3072K)
 Metaspace       used 74749K, committed 75520K, reserved 1114112K
  class space    used 10690K, committed 11008K, reserved 1048576K

Heap Regions: E=young(eden), S=young(survivor), O=old, HS=humongous(starts), HC=humongous(continues), CS=collection set, F=free, TAMS=top-at-mark-start, PB=parsable bottom
|   0|0x0000000083600000, 0x0000000083700000, 0x0000000083700000|100%|HS|  |TAMS 0x0000000083700000| PB 0x0000000083600000| Complete 
|   1|0x0000000083700000, 0x0000000083800000, 0x0000000083800000|100%|HS|  |TAMS 0x0000000083800000| PB 0x0000000083700000| Complete 
|   2|0x0000000083800000, 0x0000000083900000, 0x0000000083900000|100%| O|  |TAMS 0x0000000083900000| PB 0x0000000083800000| Untracked 
|   3|0x0000000083900000, 0x0000000083a00000, 0x0000000083a00000|100%| O|  |TAMS 0x0000000083a00000| PB 0x0000000083900000| Untracked 
|   4|0x0000000083a00000, 0x0000000083b00000, 0x0000000083b00000|100%| O|  |TAMS 0x0000000083b00000| PB 0x0000000083a00000| Untracked 
|   5|0x0000000083b00000, 0x0000000083c00000, 0x0000000083c00000|100%| O|  |TAMS 0x0000000083c00000| PB 0x0000000083b00000| Untracked 
|   6|0x0000000083c00000, 0x0000000083d00000, 0x0000000083d00000|100%| O|  |TAMS 0x0000000083d00000| PB 0x0000000083c00000| Untracked 
|   7|0x0000000083d00000, 0x0000000083e00000, 0x0000000083e00000|100%| O|  |TAMS 0x0000000083e00000| PB 0x0000000083d00000| Untracked 
|   8|0x0000000083e00000, 0x0000000083f00000, 0x0000000083f00000|100%| O|  |TAMS 0x0000000083f00000| PB 0x0000000083e00000| Untracked 
|   9|0x0000000083f00000, 0x0000000084000000, 0x0000000084000000|100%| O|  |TAMS 0x0000000084000000| PB 0x0000000083f00000| Untracked 
|  10|0x0000000084000000, 0x0000000084100000, 0x0000000084100000|100%| O|  |TAMS 0x0000000084100000| PB 0x0000000084000000| Untracked 
|  11|0x0000000084100000, 0x0000000084200000, 0x0000000084200000|100%| O|  |TAMS 0x0000000084200000| PB 0x0000000084100000| Untracked 
|  12|0x0000000084200000, 0x0000000084300000, 0x0000000084300000|100%| O|  |TAMS 0x0000000084300000| PB 0x0000000084200000| Untracked 
|  13|0x0000000084300000, 0x0000000084400000, 0x0000000084400000|100%| O|  |TAMS 0x0000000084400000| PB 0x0000000084300000| Untracked 
|  14|0x0000000084400000, 0x0000000084500000, 0x0000000084500000|100%| O|  |TAMS 0x0000000084500000| PB 0x0000000084400000| Untracked 
|  15|0x0000000084500000, 0x0000000084600000, 0x0000000084600000|100%| O|  |TAMS 0x0000000084600000| PB 0x0000000084500000| Untracked 
|  16|0x0000000084600000, 0x0000000084700000, 0x0000000084700000|100%| O|  |TAMS 0x0000000084700000| PB 0x0000000084600000| Untracked 
|  17|0x0000000084700000, 0x0000000084800000, 0x0000000084800000|100%| O|  |TAMS 0x0000000084800000| PB 0x0000000084700000| Untracked 
|  18|0x0000000084800000, 0x0000000084900000, 0x0000000084900000|100%| O|  |TAMS 0x0000000084900000| PB 0x0000000084800000| Untracked 
|  19|0x0000000084900000, 0x0000000084a00000, 0x0000000084a00000|100%| O|  |TAMS 0x0000000084a00000| PB 0x0000000084900000| Untracked 
|  20|0x0000000084a00000, 0x0000000084b00000, 0x0000000084b00000|100%| O|  |TAMS 0x0000000084b00000| PB 0x0000000084a00000| Untracked 
|  21|0x0000000084b00000, 0x0000000084c00000, 0x0000000084c00000|100%| O|  |TAMS 0x0000000084c00000| PB 0x0000000084b00000| Untracked 
|  22|0x0000000084c00000, 0x0000000084d00000, 0x0000000084d00000|100%| O|  |TAMS 0x0000000084d00000| PB 0x0000000084c00000| Untracked 
|  23|0x0000000084d00000, 0x0000000084e00000, 0x0000000084e00000|100%| O|  |TAMS 0x0000000084e00000| PB 0x0000000084d00000| Untracked 
|  24|0x0000000084e00000, 0x0000000084f00000, 0x0000000084f00000|100%| O|  |TAMS 0x0000000084f00000| PB 0x0000000084e00000| Untracked 
|  25|0x0000000084f00000, 0x0000000085000000, 0x0000000085000000|100%| O|  |TAMS 0x0000000085000000| PB 0x0000000084f00000| Untracked 
|  26|0x0000000085000000, 0x0000000085100000, 0x0000000085100000|100%| O|  |TAMS 0x0000000085100000| PB 0x0000000085000000| Untracked 
|  27|0x0000000085100000, 0x0000000085200000, 0x0000000085200000|100%| O|  |TAMS 0x0000000085200000| PB 0x0000000085100000| Untracked 
|  28|0x0000000085200000, 0x0000000085300000, 0x0000000085300000|100%| O|  |TAMS 0x0000000085300000| PB 0x0000000085200000| Untracked 
|  29|0x0000000085300000, 0x0000000085400000, 0x0000000085400000|100%| O|  |TAMS 0x0000000085400000| PB 0x0000000085300000| Untracked 
|  30|0x0000000085400000, 0x0000000085500000, 0x0000000085500000|100%| O|  |TAMS 0x0000000085500000| PB 0x0000000085400000| Untracked 
|  31|0x0000000085500000, 0x0000000085600000, 0x0000000085600000|100%| O|  |TAMS 0x0000000085600000| PB 0x0000000085500000| Untracked 
|  32|0x0000000085600000, 0x0000000085700000, 0x0000000085700000|100%| O|  |TAMS 0x0000000085700000| PB 0x0000000085600000| Untracked 
|  33|0x0000000085700000, 0x0000000085800000, 0x0000000085800000|100%| O|  |TAMS 0x0000000085800000| PB 0x0000000085700000| Untracked 
|  34|0x0000000085800000, 0x0000000085900000, 0x0000000085900000|100%| O|  |TAMS 0x0000000085800000| PB 0x0000000085800000| Untracked 
|  35|0x0000000085900000, 0x0000000085a00000, 0x0000000085a00000|100%| O|  |TAMS 0x0000000085a00000| PB 0x0000000085900000| Untracked 
|  36|0x0000000085a00000, 0x0000000085b00000, 0x0000000085b00000|100%| O|  |TAMS 0x0000000085b00000| PB 0x0000000085a00000| Untracked 
|  37|0x0000000085b00000, 0x0000000085c00000, 0x0000000085c00000|100%| O|  |TAMS 0x0000000085c00000| PB 0x0000000085b00000| Untracked 
|  38|0x0000000085c00000, 0x0000000085d00000, 0x0000000085d00000|100%| O|  |TAMS 0x0000000085d00000| PB 0x0000000085c00000| Untracked 
|  39|0x0000000085d00000, 0x0000000085e00000, 0x0000000085e00000|100%| O|  |TAMS 0x0000000085e00000| PB 0x0000000085d00000| Untracked 
|  40|0x0000000085e00000, 0x0000000085f00000, 0x0000000085f00000|100%| O|  |TAMS 0x0000000085f00000| PB 0x0000000085e00000| Untracked 
|  41|0x0000000085f00000, 0x0000000086000000, 0x0000000086000000|100%| O|  |TAMS 0x0000000086000000| PB 0x0000000085f00000| Untracked 
|  42|0x0000000086000000, 0x0000000086100000, 0x0000000086100000|100%| O|  |TAMS 0x0000000086100000| PB 0x0000000086000000| Untracked 
|  43|0x0000000086100000, 0x0000000086200000, 0x0000000086200000|100%| O|  |TAMS 0x0000000086100000| PB 0x0000000086100000| Untracked 
|  44|0x0000000086200000, 0x0000000086300000, 0x0000000086300000|100%| O|  |TAMS 0x0000000086300000| PB 0x0000000086200000| Untracked 
|  45|0x0000000086300000, 0x0000000086400000, 0x0000000086400000|100%| O|  |TAMS 0x0000000086300000| PB 0x0000000086300000| Untracked 
|  46|0x0000000086400000, 0x0000000086500000, 0x0000000086500000|100%| O|  |TAMS 0x0000000086500000| PB 0x0000000086400000| Untracked 
|  47|0x0000000086500000, 0x0000000086600000, 0x0000000086600000|100%| O|  |TAMS 0x0000000086600000| PB 0x0000000086500000| Untracked 
|  48|0x0000000086600000, 0x0000000086700000, 0x0000000086700000|100%| O|  |TAMS 0x0000000086700000| PB 0x0000000086600000| Untracked 
|  49|0x0000000086700000, 0x0000000086800000, 0x0000000086800000|100%| O|  |TAMS 0x0000000086800000| PB 0x0000000086700000| Untracked 
|  50|0x0000000086800000, 0x0000000086900000, 0x0000000086900000|100%| O|  |TAMS 0x0000000086900000| PB 0x0000000086800000| Untracked 
|  51|0x0000000086900000, 0x0000000086a00000, 0x0000000086a00000|100%| O|  |TAMS 0x0000000086a00000| PB 0x0000000086900000| Untracked 
|  52|0x0000000086a00000, 0x0000000086b00000, 0x0000000086b00000|100%| O|  |TAMS 0x0000000086b00000| PB 0x0000000086a00000| Untracked 
|  53|0x0000000086b00000, 0x0000000086c00000, 0x0000000086c00000|100%| O|  |TAMS 0x0000000086c00000| PB 0x0000000086b00000| Untracked 
|  54|0x0000000086c00000, 0x0000000086d00000, 0x0000000086d00000|100%| O|  |TAMS 0x0000000086d00000| PB 0x0000000086c00000| Untracked 
|  55|0x0000000086d00000, 0x0000000086e00000, 0x0000000086e00000|100%| O|  |TAMS 0x0000000086e00000| PB 0x0000000086d00000| Untracked 
|  56|0x0000000086e00000, 0x0000000086f00000, 0x0000000086f00000|100%| O|  |TAMS 0x0000000086f00000| PB 0x0000000086e00000| Untracked 
|  57|0x0000000086f00000, 0x0000000087000000, 0x0000000087000000|100%| O|  |TAMS 0x0000000087000000| PB 0x0000000086f00000| Untracked 
|  58|0x0000000087000000, 0x0000000087100000, 0x0000000087100000|100%| O|  |TAMS 0x0000000087100000| PB 0x0000000087000000| Untracked 
|  59|0x0000000087100000, 0x0000000087200000, 0x0000000087200000|100%| O|  |TAMS 0x0000000087200000| PB 0x0000000087100000| Untracked 
|  60|0x0000000087200000, 0x0000000087300000, 0x0000000087300000|100%| O|  |TAMS 0x0000000087300000| PB 0x0000000087200000| Untracked 
|  61|0x0000000087300000, 0x0000000087400000, 0x0000000087400000|100%| O|  |TAMS 0x0000000087400000| PB 0x0000000087300000| Untracked 
|  62|0x0000000087400000, 0x0000000087500000, 0x0000000087500000|100%| O|  |TAMS 0x0000000087500000| PB 0x0000000087400000| Untracked 
|  63|0x0000000087500000, 0x0000000087600000, 0x0000000087600000|100%| O|  |TAMS 0x0000000087600000| PB 0x0000000087500000| Untracked 
|  64|0x0000000087600000, 0x0000000087700000, 0x0000000087700000|100%| O|  |TAMS 0x0000000087700000| PB 0x0000000087600000| Untracked 
|  65|0x0000000087700000, 0x0000000087800000, 0x0000000087800000|100%| O|  |TAMS 0x0000000087800000| PB 0x0000000087700000| Untracked 
|  66|0x0000000087800000, 0x0000000087900000, 0x0000000087900000|100%| O|  |TAMS 0x0000000087900000| PB 0x0000000087800000| Untracked 
|  67|0x0000000087900000, 0x0000000087a00000, 0x0000000087a00000|100%| O|  |TAMS 0x0000000087968620| PB 0x0000000087900000| Untracked 
|  68|0x0000000087a00000, 0x0000000087b00000, 0x0000000087b00000|100%| O|  |TAMS 0x0000000087a00000| PB 0x0000000087a00000| Untracked 
|  69|0x0000000087b00000, 0x0000000087c00000, 0x0000000087c00000|100%| O|  |TAMS 0x0000000087b00000| PB 0x0000000087b00000| Untracked 
|  70|0x0000000087c00000, 0x0000000087d00000, 0x0000000087d00000|100%| O|  |TAMS 0x0000000087c00000| PB 0x0000000087c00000| Untracked 
|  71|0x0000000087d00000, 0x0000000087e00000, 0x0000000087e00000|100%| O|  |TAMS 0x0000000087d00000| PB 0x0000000087d00000| Untracked 
|  72|0x0000000087e00000, 0x0000000087e40010, 0x0000000087f00000| 25%| O|  |TAMS 0x0000000087e00000| PB 0x0000000087e00000| Untracked 
|  73|0x0000000087f00000, 0x0000000087f00000, 0x0000000088000000|  0%| F|  |TAMS 0x0000000087f00000| PB 0x0000000087f00000| Untracked 
|  74|0x0000000088000000, 0x0000000088000000, 0x0000000088100000|  0%| F|  |TAMS 0x0000000088000000| PB 0x0000000088000000| Untracked 
|  75|0x0000000088100000, 0x0000000088100000, 0x0000000088200000|  0%| F|  |TAMS 0x0000000088100000| PB 0x0000000088100000| Untracked 
|  76|0x0000000088200000, 0x0000000088200000, 0x0000000088300000|  0%| F|  |TAMS 0x0000000088200000| PB 0x0000000088200000| Untracked 
|  77|0x0000000088300000, 0x0000000088300000, 0x0000000088400000|  0%| F|  |TAMS 0x0000000088300000| PB 0x0000000088300000| Untracked 
|  78|0x0000000088400000, 0x0000000088400000, 0x0000000088500000|  0%| F|  |TAMS 0x0000000088400000| PB 0x0000000088400000| Untracked 
|  79|0x0000000088500000, 0x0000000088500000, 0x0000000088600000|  0%| F|  |TAMS 0x0000000088500000| PB 0x0000000088500000| Untracked 
|  80|0x0000000088600000, 0x0000000088600000, 0x0000000088700000|  0%| F|  |TAMS 0x0000000088600000| PB 0x0000000088600000| Untracked 
|  81|0x0000000088700000, 0x0000000088800000, 0x0000000088800000|100%| S|CS|TAMS 0x0000000088700000| PB 0x0000000088700000| Complete 
|  82|0x0000000088800000, 0x0000000088900000, 0x0000000088900000|100%| S|CS|TAMS 0x0000000088800000| PB 0x0000000088800000| Complete 
|  83|0x0000000088900000, 0x0000000088a00000, 0x0000000088a00000|100%| S|CS|TAMS 0x0000000088900000| PB 0x0000000088900000| Complete 
|  84|0x0000000088a00000, 0x0000000088a00000, 0x0000000088b00000|  0%| F|  |TAMS 0x0000000088a00000| PB 0x0000000088a00000| Untracked 
|  85|0x0000000088b00000, 0x0000000088b00000, 0x0000000088c00000|  0%| F|  |TAMS 0x0000000088b00000| PB 0x0000000088b00000| Untracked 
|  86|0x0000000088c00000, 0x0000000088c00000, 0x0000000088d00000|  0%| F|  |TAMS 0x0000000088c00000| PB 0x0000000088c00000| Untracked 
|  87|0x0000000088d00000, 0x0000000088d00000, 0x0000000088e00000|  0%| F|  |TAMS 0x0000000088d00000| PB 0x0000000088d00000| Untracked 
|  88|0x0000000088e00000, 0x0000000088e00000, 0x0000000088f00000|  0%| F|  |TAMS 0x0000000088e00000| PB 0x0000000088e00000| Untracked 
|  89|0x0000000088f00000, 0x0000000088f00000, 0x0000000089000000|  0%| F|  |TAMS 0x0000000088f00000| PB 0x0000000088f00000| Untracked 
|  90|0x0000000089000000, 0x0000000089000000, 0x0000000089100000|  0%| F|  |TAMS 0x0000000089000000| PB 0x0000000089000000| Untracked 
|  91|0x0000000089100000, 0x0000000089100000, 0x0000000089200000|  0%| F|  |TAMS 0x0000000089100000| PB 0x0000000089100000| Untracked 
|  92|0x0000000089200000, 0x0000000089200000, 0x0000000089300000|  0%| F|  |TAMS 0x0000000089200000| PB 0x0000000089200000| Untracked 
|  93|0x0000000089300000, 0x0000000089300000, 0x0000000089400000|  0%| F|  |TAMS 0x0000000089300000| PB 0x0000000089300000| Untracked 
|  94|0x0000000089400000, 0x0000000089400000, 0x0000000089500000|  0%| F|  |TAMS 0x0000000089400000| PB 0x0000000089400000| Untracked 
|  95|0x0000000089500000, 0x0000000089500000, 0x0000000089600000|  0%| F|  |TAMS 0x0000000089500000| PB 0x0000000089500000| Untracked 
|  96|0x0000000089600000, 0x0000000089600000, 0x0000000089700000|  0%| F|  |TAMS 0x0000000089600000| PB 0x0000000089600000| Untracked 
|  97|0x0000000089700000, 0x0000000089700000, 0x0000000089800000|  0%| F|  |TAMS 0x0000000089700000| PB 0x0000000089700000| Untracked 
|  98|0x0000000089800000, 0x0000000089800000, 0x0000000089900000|  0%| F|  |TAMS 0x0000000089800000| PB 0x0000000089800000| Untracked 
|  99|0x0000000089900000, 0x0000000089900000, 0x0000000089a00000|  0%| F|  |TAMS 0x0000000089900000| PB 0x0000000089900000| Untracked 
| 100|0x0000000089a00000, 0x0000000089a00000, 0x0000000089b00000|  0%| F|  |TAMS 0x0000000089a00000| PB 0x0000000089a00000| Untracked 
| 101|0x0000000089b00000, 0x0000000089b00000, 0x0000000089c00000|  0%| F|  |TAMS 0x0000000089b00000| PB 0x0000000089b00000| Untracked 
| 102|0x0000000089c00000, 0x0000000089c00000, 0x0000000089d00000|  0%| F|  |TAMS 0x0000000089c00000| PB 0x0000000089c00000| Untracked 
| 103|0x0000000089d00000, 0x0000000089d00000, 0x0000000089e00000|  0%| F|  |TAMS 0x0000000089d00000| PB 0x0000000089d00000| Untracked 
| 104|0x0000000089e00000, 0x0000000089e00000, 0x0000000089f00000|  0%| F|  |TAMS 0x0000000089e00000| PB 0x0000000089e00000| Untracked 
| 105|0x0000000089f00000, 0x0000000089f00000, 0x000000008a000000|  0%| F|  |TAMS 0x0000000089f00000| PB 0x0000000089f00000| Untracked 
| 106|0x000000008a000000, 0x000000008a000000, 0x000000008a100000|  0%| F|  |TAMS 0x000000008a000000| PB 0x000000008a000000| Untracked 
| 107|0x000000008a100000, 0x000000008a100000, 0x000000008a200000|  0%| F|  |TAMS 0x000000008a100000| PB 0x000000008a100000| Untracked 
| 108|0x000000008a200000, 0x000000008a200000, 0x000000008a300000|  0%| F|  |TAMS 0x000000008a200000| PB 0x000000008a200000| Untracked 
| 109|0x000000008a300000, 0x000000008a300000, 0x000000008a400000|  0%| F|  |TAMS 0x000000008a300000| PB 0x000000008a300000| Untracked 
| 110|0x000000008a400000, 0x000000008a400000, 0x000000008a500000|  0%| F|  |TAMS 0x000000008a400000| PB 0x000000008a400000| Untracked 
| 111|0x000000008a500000, 0x000000008a500000, 0x000000008a600000|  0%| F|  |TAMS 0x000000008a500000| PB 0x000000008a500000| Untracked 
| 112|0x000000008a600000, 0x000000008a600000, 0x000000008a700000|  0%| F|  |TAMS 0x000000008a600000| PB 0x000000008a600000| Untracked 
| 113|0x000000008a700000, 0x000000008a700000, 0x000000008a800000|  0%| F|  |TAMS 0x000000008a700000| PB 0x000000008a700000| Untracked 
| 114|0x000000008a800000, 0x000000008a800000, 0x000000008a900000|  0%| F|  |TAMS 0x000000008a800000| PB 0x000000008a800000| Untracked 
| 115|0x000000008a900000, 0x000000008a900000, 0x000000008aa00000|  0%| F|  |TAMS 0x000000008a900000| PB 0x000000008a900000| Untracked 
| 116|0x000000008aa00000, 0x000000008aa00000, 0x000000008ab00000|  0%| F|  |TAMS 0x000000008aa00000| PB 0x000000008aa00000| Untracked 
| 117|0x000000008ab00000, 0x000000008ab00000, 0x000000008ac00000|  0%| F|  |TAMS 0x000000008ab00000| PB 0x000000008ab00000| Untracked 
| 118|0x000000008ac00000, 0x000000008ac00000, 0x000000008ad00000|  0%| F|  |TAMS 0x000000008ac00000| PB 0x000000008ac00000| Untracked 
| 119|0x000000008ad00000, 0x000000008ad00000, 0x000000008ae00000|  0%| F|  |TAMS 0x000000008ad00000| PB 0x000000008ad00000| Untracked 
| 120|0x000000008ae00000, 0x000000008ae00000, 0x000000008af00000|  0%| F|  |TAMS 0x000000008ae00000| PB 0x000000008ae00000| Untracked 
| 121|0x000000008af00000, 0x000000008af00000, 0x000000008b000000|  0%| F|  |TAMS 0x000000008af00000| PB 0x000000008af00000| Untracked 
| 122|0x000000008b000000, 0x000000008b000000, 0x000000008b100000|  0%| F|  |TAMS 0x000000008b000000| PB 0x000000008b000000| Untracked 
| 123|0x000000008b100000, 0x000000008b100000, 0x000000008b200000|  0%| F|  |TAMS 0x000000008b100000| PB 0x000000008b100000| Untracked 
| 124|0x000000008b200000, 0x000000008b200000, 0x000000008b300000|  0%| F|  |TAMS 0x000000008b200000| PB 0x000000008b200000| Untracked 
| 125|0x000000008b300000, 0x000000008b300000, 0x000000008b400000|  0%| F|  |TAMS 0x000000008b300000| PB 0x000000008b300000| Untracked 
|1992|0x00000000ffe00000, 0x00000000ffe00000, 0x00000000fff00000|  0%| F|  |TAMS 0x00000000ffe00000| PB 0x00000000ffe00000| Untracked 
|1993|0x00000000fff00000, 0x00000000fff00000, 0x0000000100000000|  0%| F|  |TAMS 0x00000000fff00000| PB 0x00000000fff00000| Untracked 

Card table byte_map: [0x0000029a2dd60000,0x0000029a2e150000] _byte_map_base: 0x0000029a2d945000

Marking Bits: (CMBitMap*) 0x0000029a21f960a0
 Bits: [0x0000029a2e150000, 0x0000029a30078000)

Polling page: 0x0000029a21700000

Metaspace:

Usage:
  Non-class:     62.56 MB used.
      Class:     10.44 MB used.
       Both:     73.00 MB used.

Virtual space:
  Non-class space:       64.00 MB reserved,      63.00 MB ( 98%) committed,  1 nodes.
      Class space:        1.00 GB reserved,      10.75 MB (  1%) committed,  1 nodes.
             Both:        1.06 GB reserved,      73.75 MB (  7%) committed. 

Chunk freelists:
   Non-Class:  1.03 MB
       Class:  5.26 MB
        Both:  6.29 MB

MaxMetaspaceSize: unlimited
CompressedClassSpaceSize: 1.00 GB
Initial GC threshold: 21.00 MB
Current GC threshold: 119.38 MB
CDS: on
 - commit_granule_bytes: 65536.
 - commit_granule_words: 8192.
 - virtual_space_node_default_size: 8388608.
 - enlarge_chunks_in_place: 1.
 - use_allocation_guard: 0.


Internal statistics:

num_allocs_failed_limit: 9.
num_arena_births: 1082.
num_arena_deaths: 0.
num_vsnodes_births: 2.
num_vsnodes_deaths: 0.
num_space_committed: 1180.
num_space_uncommitted: 0.
num_chunks_returned_to_freelist: 9.
num_chunks_taken_from_freelist: 3669.
num_chunk_merges: 9.
num_chunk_splits: 2687.
num_chunks_enlarged: 2067.
num_inconsistent_stats: 0.

CodeCache: size=49152Kb used=14552Kb max_used=15068Kb free=34599Kb
 bounds [0x0000029a2a630000, 0x0000029a2b4f0000, 0x0000029a2d630000]
 total_blobs=8287 nmethods=7540 adapters=668
 compilation: enabled
              stopped_count=0, restarted_count=0
 full_count=0

Compilation events (20 events):
Event: 9.278 Thread 0x0000029a7804f8a0 nmethod 8371 0x0000029a2ab9aa10 code [0x0000029a2ab9abe0, 0x0000029a2ab9ae60]
Event: 9.278 Thread 0x0000029a32d79ac0 nmethod 8372 0x0000029a2ac14f90 code [0x0000029a2ac15160, 0x0000029a2ac153f0]
Event: 9.279 Thread 0x0000029a32d79ac0 8373   !   1       java.lang.invoke.MethodHandleImpl::profileBoolean (34 bytes)
Event: 9.279 Thread 0x0000029a32d79ac0 nmethod 8373 0x0000029a2aab1e10 code [0x0000029a2aab1fc0, 0x0000029a2aab2250]
Event: 9.279 Thread 0x0000029a32d79ac0 8374       1       org.antlr.v4.runtime.ParserRuleContext::addChild (9 bytes)
Event: 9.279 Thread 0x0000029a32d79ac0 nmethod 8374 0x0000029a2aafa810 code [0x0000029a2aafa9c0, 0x0000029a2aafac08]
Event: 9.279 Thread 0x0000029a32d79ac0 8375       1       org.antlr.v4.runtime.CodePointCharStream::release (1 bytes)
Event: 9.279 Thread 0x0000029a32d79ac0 nmethod 8375 0x0000029a2aa65c10 code [0x0000029a2aa65da0, 0x0000029a2aa65e68]
Event: 9.315 Thread 0x0000029a32d79ac0 8376       1       org.antlr.v4.runtime.CommonToken::setLine (6 bytes)
Event: 9.315 Thread 0x0000029a7838ae00 8377       1       org.antlr.v4.runtime.CommonToken::setCharPositionInLine (6 bytes)
Event: 9.315 Thread 0x0000029a7804f8a0 8378       1       org.antlr.v4.runtime.Lexer::emit (6 bytes)
Event: 9.315 Thread 0x0000029a32d79ac0 nmethod 8376 0x0000029a2aa6df90 code [0x0000029a2aa6e120, 0x0000029a2aa6e1e8]
Event: 9.315 Thread 0x0000029a7838ae00 nmethod 8377 0x0000029a2aa85710 code [0x0000029a2aa858a0, 0x0000029a2aa85968]
Event: 9.315 Thread 0x0000029a7804f8a0 nmethod 8378 0x0000029a2aa87410 code [0x0000029a2aa875a0, 0x0000029a2aa876b0]
Event: 9.315 Thread 0x0000029a7838ae00 8379       1       org.antlr.v4.runtime.CommonToken::setTokenIndex (6 bytes)
Event: 9.315 Thread 0x0000029a7838ae00 nmethod 8379 0x0000029a2aab0490 code [0x0000029a2aab0620, 0x0000029a2aab06e8]
Event: 9.315 Thread 0x0000029a7838ae00 8380       1       org.antlr.v4.runtime.atn.ATNConfigSet::setReadonly (11 bytes)
Event: 9.315 Thread 0x0000029a32d79ac0 8381       1       org.antlr.v4.runtime.atn.PredictionMode::hasConflictingAltSet (41 bytes)
Event: 9.315 Thread 0x0000029a7838ae00 nmethod 8380 0x0000029a2aab5590 code [0x0000029a2aab5720, 0x0000029a2aab5818]
Event: 9.315 Thread 0x0000029a32d79ac0 nmethod 8381 0x0000029a2ac93610 code [0x0000029a2ac93800, 0x0000029a2ac93a70]

GC Heap History (20 events):
Event: 7.481 GC heap after
{Heap after GC invocations=18 (full 0):
 garbage-first heap   total 66560K, used 34561K [0x0000000083600000, 0x0000000100000000)
  region size 1024K, 2 young (2048K), 2 survivors (2048K)
 Metaspace       used 64373K, committed 65088K, reserved 1114112K
  class space    used 8970K, committed 9280K, reserved 1048576K
}
Event: 8.177 GC heap before
{Heap before GC invocations=18 (full 0):
 garbage-first heap   total 66560K, used 60161K [0x0000000083600000, 0x0000000100000000)
  region size 1024K, 27 young (27648K), 2 survivors (2048K)
 Metaspace       used 68389K, committed 69184K, reserved 1114112K
  class space    used 9513K, committed 9856K, reserved 1048576K
}
Event: 8.182 GC heap after
{Heap after GC invocations=19 (full 0):
 garbage-first heap   total 66560K, used 36866K [0x0000000083600000, 0x0000000100000000)
  region size 1024K, 4 young (4096K), 4 survivors (4096K)
 Metaspace       used 68389K, committed 69184K, reserved 1114112K
  class space    used 9513K, committed 9856K, reserved 1048576K
}
Event: 8.614 GC heap before
{Heap before GC invocations=20 (full 0):
 garbage-first heap   total 66560K, used 57346K [0x0000000083600000, 0x0000000100000000)
  region size 1024K, 24 young (24576K), 4 survivors (4096K)
 Metaspace       used 70685K, committed 71488K, reserved 1114112K
  class space    used 10007K, committed 10368K, reserved 1048576K
}
Event: 8.618 GC heap after
{Heap after GC invocations=21 (full 0):
 garbage-first heap   total 66560K, used 38733K [0x0000000083600000, 0x0000000100000000)
  region size 1024K, 2 young (2048K), 2 survivors (2048K)
 Metaspace       used 70685K, committed 71488K, reserved 1114112K
  class space    used 10007K, committed 10368K, reserved 1048576K
}
Event: 8.666 GC heap before
{Heap before GC invocations=21 (full 0):
 garbage-first heap   total 66560K, used 59213K [0x0000000083600000, 0x0000000100000000)
  region size 1024K, 22 young (22528K), 2 survivors (2048K)
 Metaspace       used 70714K, committed 71552K, reserved 1114112K
  class space    used 10012K, committed 10368K, reserved 1048576K
}
Event: 8.671 GC heap after
{Heap after GC invocations=22 (full 0):
 garbage-first heap   total 68608K, used 45006K [0x0000000083600000, 0x0000000100000000)
  region size 1024K, 3 young (3072K), 3 survivors (3072K)
 Metaspace       used 70714K, committed 71552K, reserved 1114112K
  class space    used 10012K, committed 10368K, reserved 1048576K
}
Event: 8.710 GC heap before
{Heap before GC invocations=22 (full 0):
 garbage-first heap   total 68608K, used 58318K [0x0000000083600000, 0x0000000100000000)
  region size 1024K, 17 young (17408K), 3 survivors (3072K)
 Metaspace       used 70727K, committed 71552K, reserved 1114112K
  class space    used 10013K, committed 10368K, reserved 1048576K
}
Event: 8.714 GC heap after
{Heap after GC invocations=23 (full 0):
 garbage-first heap   total 68608K, used 46770K [0x0000000083600000, 0x0000000100000000)
  region size 1024K, 2 young (2048K), 2 survivors (2048K)
 Metaspace       used 70727K, committed 71552K, reserved 1114112K
  class space    used 10013K, committed 10368K, reserved 1048576K
}
Event: 8.892 GC heap before
{Heap before GC invocations=24 (full 0):
 garbage-first heap   total 80896K, used 60082K [0x0000000083600000, 0x0000000100000000)
  region size 1024K, 15 young (15360K), 2 survivors (2048K)
 Metaspace       used 72496K, committed 73280K, reserved 1114112K
  class space    used 10391K, committed 10752K, reserved 1048576K
}
Event: 8.895 GC heap after
{Heap after GC invocations=25 (full 0):
 garbage-first heap   total 97280K, used 49814K [0x0000000083600000, 0x0000000100000000)
  region size 1024K, 2 young (2048K), 2 survivors (2048K)
 Metaspace       used 72496K, committed 73280K, reserved 1114112K
  class space    used 10391K, committed 10752K, reserved 1048576K
}
Event: 8.958 GC heap before
{Heap before GC invocations=25 (full 0):
 garbage-first heap   total 97280K, used 80534K [0x0000000083600000, 0x0000000100000000)
  region size 1024K, 32 young (32768K), 2 survivors (2048K)
 Metaspace       used 72503K, committed 73344K, reserved 1114112K
  class space    used 10391K, committed 10752K, reserved 1048576K
}
Event: 8.966 GC heap after
{Heap after GC invocations=26 (full 0):
 garbage-first heap   total 97280K, used 55487K [0x0000000083600000, 0x0000000100000000)
  region size 1024K, 4 young (4096K), 4 survivors (4096K)
 Metaspace       used 72503K, committed 73344K, reserved 1114112K
  class space    used 10391K, committed 10752K, reserved 1048576K
}
Event: 9.034 GC heap before
{Heap before GC invocations=26 (full 0):
 garbage-first heap   total 97280K, used 82111K [0x0000000083600000, 0x0000000100000000)
  region size 1024K, 30 young (30720K), 4 survivors (4096K)
 Metaspace       used 72503K, committed 73344K, reserved 1114112K
  class space    used 10391K, committed 10752K, reserved 1048576K
}
Event: 9.045 GC heap after
{Heap after GC invocations=27 (full 0):
 garbage-first heap   total 97280K, used 66418K [0x0000000083600000, 0x0000000100000000)
  region size 1024K, 4 young (4096K), 4 survivors (4096K)
 Metaspace       used 72503K, committed 73344K, reserved 1114112K
  class space    used 10391K, committed 10752K, reserved 1048576K
}
Event: 9.109 GC heap before
{Heap before GC invocations=28 (full 0):
 garbage-first heap   total 106496K, used 80754K [0x0000000083600000, 0x0000000100000000)
  region size 1024K, 21 young (21504K), 4 survivors (4096K)
 Metaspace       used 72504K, committed 73344K, reserved 1114112K
  class space    used 10391K, committed 10752K, reserved 1048576K
}
Event: 9.112 GC heap after
{Heap after GC invocations=29 (full 0):
 garbage-first heap   total 106496K, used 65987K [0x0000000083600000, 0x0000000100000000)
  region size 1024K, 2 young (2048K), 2 survivors (2048K)
 Metaspace       used 72504K, committed 73344K, reserved 1114112K
  class space    used 10391K, committed 10752K, reserved 1048576K
}
Event: 9.304 GC heap before
{Heap before GC invocations=29 (full 0):
 garbage-first heap   total 106496K, used 87491K [0x0000000083600000, 0x0000000100000000)
  region size 1024K, 24 young (24576K), 2 survivors (2048K)
 Metaspace       used 74749K, committed 75520K, reserved 1114112K
  class space    used 10690K, committed 11008K, reserved 1048576K
}
Event: 9.308 GC heap after
{Heap after GC invocations=30 (full 0):
 garbage-first heap   total 106496K, used 69025K [0x0000000083600000, 0x0000000100000000)
  region size 1024K, 3 young (3072K), 3 survivors (3072K)
 Metaspace       used 74749K, committed 75520K, reserved 1114112K
  class space    used 10690K, committed 11008K, reserved 1048576K
}
Event: 9.347 GC heap before
{Heap before GC invocations=30 (full 0):
 garbage-first heap   total 106496K, used 88481K [0x0000000083600000, 0x0000000100000000)
  region size 1024K, 23 young (23552K), 3 survivors (3072K)
 Metaspace       used 74749K, committed 75520K, reserved 1114112K
  class space    used 10690K, committed 11008K, reserved 1048576K
}

Dll operation events (12 events):
Event: 0.011 Loaded shared library C:\Users\pc\.jdks\ms-21.0.7\bin\java.dll
Event: 0.135 Loaded shared library C:\Users\pc\.jdks\ms-21.0.7\bin\zip.dll
Event: 0.138 Loaded shared library C:\Users\pc\.jdks\ms-21.0.7\bin\instrument.dll
Event: 0.141 Loaded shared library C:\Users\pc\.jdks\ms-21.0.7\bin\net.dll
Event: 0.142 Loaded shared library C:\Users\pc\.jdks\ms-21.0.7\bin\nio.dll
Event: 0.144 Loaded shared library C:\Users\pc\.jdks\ms-21.0.7\bin\zip.dll
Event: 0.183 Loaded shared library C:\Users\pc\.jdks\ms-21.0.7\bin\jimage.dll
Event: 0.231 Loaded shared library C:\Users\pc\.jdks\ms-21.0.7\bin\extnet.dll
Event: 0.238 Loaded shared library C:\Users\pc\.jdks\ms-21.0.7\bin\management.dll
Event: 0.250 Loaded shared library C:\Users\pc\.jdks\ms-21.0.7\bin\management_ext.dll
Event: 1.731 Loaded shared library C:\Users\pc\.jdks\ms-21.0.7\bin\sunmscapi.dll
Event: 4.099 Loaded shared library C:\Users\pc\.jdks\ms-21.0.7\bin\verify.dll

Deoptimization events (0 events):
No events

Classes loaded (20 events):
Event: 8.266 Loading class java/util/stream/ReduceOps$5
Event: 8.266 Loading class java/util/stream/ReduceOps$5 done
Event: 8.266 Loading class java/util/stream/ReduceOps$CountingSink$OfRef
Event: 8.267 Loading class java/util/stream/ReduceOps$CountingSink
Event: 8.270 Loading class java/util/stream/ReduceOps$CountingSink done
Event: 8.270 Loading class java/util/stream/ReduceOps$CountingSink$OfRef done
Event: 8.399 Loading class java/util/regex/Pattern$Bound
Event: 8.399 Loading class java/util/regex/Pattern$Bound done
Event: 8.400 Loading class java/util/regex/Pattern$Behind
Event: 8.400 Loading class java/util/regex/Pattern$Behind done
Event: 8.419 Loading class java/util/EmptyStackException
Event: 8.419 Loading class java/util/EmptyStackException done
Event: 8.532 Loading class java/io/InvalidClassException
Event: 8.532 Loading class java/io/InvalidClassException done
Event: 9.246 Loading class java/lang/Character$UnicodeBlock
Event: 9.248 Loading class java/lang/Character$Subset
Event: 9.248 Loading class java/lang/Character$Subset done
Event: 9.249 Loading class java/lang/Character$UnicodeBlock done
Event: 9.278 Loading class java/lang/invoke/MethodHandleImpl$CountingWrapper$1
Event: 9.278 Loading class java/lang/invoke/MethodHandleImpl$CountingWrapper$1 done

Classes unloaded (0 events):
No events

Classes redefined (0 events):
No events

Internal exceptions (20 events):
Event: 7.359 Thread 0x0000029a78f896d0 Exception <a 'java/lang/NoSuchMethodError'{0x0000000086565868}: 'java.lang.Object java.lang.invoke.DirectMethodHandle$Holder.newInvokeSpecial(java.lang.Object, java.lang.Object, int, java.lang.Object)'> (0x0000000086565868) 
thrown [s\src\hotspot\share\interpreter\linkResolver.cpp, line 773]
Event: 7.359 Thread 0x0000029a78f896d0 Exception <a 'java/lang/NoSuchMethodError'{0x0000000086569248}: 'java.lang.Object java.lang.invoke.Invokers$Holder.linkToTargetMethod(java.lang.Object, int, java.lang.Object, java.lang.Object)'> (0x0000000086569248) 
thrown [s\src\hotspot\share\interpreter\linkResolver.cpp, line 773]
Event: 7.384 Thread 0x0000029a78f896d0 Exception <a 'java/lang/NoSuchMethodError'{0x0000000086496aa8}: 'void java.lang.invoke.DirectMethodHandle$Holder.invokeSpecial(java.lang.Object, java.lang.Object, int, java.lang.Object)'> (0x0000000086496aa8) 
thrown [s\src\hotspot\share\interpreter\linkResolver.cpp, line 773]
Event: 7.384 Thread 0x0000029a78f896d0 Exception <a 'java/lang/NoSuchMethodError'{0x000000008649ced0}: 'java.lang.Object java.lang.invoke.DirectMethodHandle$Holder.newInvokeSpecial(java.lang.Object, java.lang.Object, int)'> (0x000000008649ced0) 
thrown [s\src\hotspot\share\interpreter\linkResolver.cpp, line 773]
Event: 7.411 Thread 0x0000029a78f896d0 Exception <a 'java/lang/NoSuchMethodError'{0x0000000086216ea8}: 'int java.lang.invoke.DirectMethodHandle$Holder.invokeStatic(java.lang.Object, int, java.lang.Object)'> (0x0000000086216ea8) 
thrown [s\src\hotspot\share\interpreter\linkResolver.cpp, line 773]
Event: 7.412 Thread 0x0000029a78f896d0 Exception <a 'java/lang/NoSuchMethodError'{0x0000000086239108}: 'java.lang.Object java.lang.invoke.DirectMethodHandle$Holder.newInvokeSpecial(java.lang.Object, java.lang.Object, java.lang.Object, java.lang.Object, java.lang.Object, int, java.lang.Object)'> (0x0000000086239108) 
thrown [s\src\hotspot\share\interpreter\linkResolver.cpp, line 773]
Event: 7.415 Thread 0x0000029a78f896d0 Exception <a 'java/lang/NoSuchMethodError'{0x0000000086274398}: 'java.lang.Object java.lang.invoke.Invokers$Holder.linkToTargetMethod(java.lang.Object, java.lang.Object, java.lang.Object, java.lang.Object, java.lang.Object, java.lang.Object, java.lang.Object, java.lang.Object, java.lang.Object, java.lang.Object, java.lang.Object, java.lang.Object)'> (0x0000000086274398) 
thrown [s\src\hotspot\share\interpreter\linkResolver.cpp, line 773]
Event: 7.450 Thread 0x0000029a78f896d0 Exception <a 'java/lang/IncompatibleClassChangeError'{0x0000000086075aa8}: Found class java.lang.Object, but interface was expected> (0x0000000086075aa8) 
thrown [s\src\hotspot\share\interpreter\linkResolver.cpp, line 840]
Event: 7.461 Thread 0x0000029a78f896d0 Exception <a 'java/lang/NoSuchMethodError'{0x0000000085f11818}: 'java.lang.Object java.lang.invoke.DirectMethodHandle$Holder.newInvokeSpecial(java.lang.Object, java.lang.Object, java.lang.Object, java.lang.Object, java.lang.Object, java.lang.Object, java.lang.Object, int)'> (0x0000000085f11818) 
thrown [s\src\hotspot\share\interpreter\linkResolver.cpp, line 773]
Event: 7.461 Thread 0x0000029a78f896d0 Exception <a 'java/lang/NoSuchMethodError'{0x0000000085f15e68}: 'java.lang.Object java.lang.invoke.DirectMethodHandle$Holder.invokeSpecial(java.lang.Object, java.lang.Object, java.lang.Object, java.lang.Object, java.lang.Object, java.lang.Object, java.lang.Object, java.lang.Object, int)'> (0x0000000085f15e68) 
thrown [s\src\hotspot\share\interpreter\linkResolver.cpp, line 773]
Event: 7.461 Thread 0x0000029a78f896d0 Exception <a 'java/lang/NoSuchMethodError'{0x0000000085f19ea0}: 'java.lang.Object java.lang.invoke.Invokers$Holder.linkToTargetMethod(java.lang.Object, java.lang.Object, java.lang.Object, java.lang.Object, java.lang.Object, java.lang.Object, int, java.lang.Object)'> (0x0000000085f19ea0) 
thrown [s\src\hotspot\share\interpreter\linkResolver.cpp, line 773]
Event: 7.484 Thread 0x0000029a78f896d0 Exception <a 'java/lang/NoSuchMethodError'{0x000000008b337b48}: 'java.lang.Object java.lang.invoke.DirectMethodHandle$Holder.newInvokeSpecial(java.lang.Object, java.lang.Object, int, java.lang.Object, int, java.lang.Object, java.lang.Object)'> (0x000000008b337b48) 
thrown [s\src\hotspot\share\interpreter\linkResolver.cpp, line 773]
Event: 7.642 Thread 0x0000029a78f896d0 Exception <a 'java/lang/NoSuchMethodError'{0x0000000086f996b8}: 'java.lang.Object java.lang.invoke.DirectMethodHandle$Holder.invokeSpecial(java.lang.Object, java.lang.Object, int, java.lang.Object, int)'> (0x0000000086f996b8) 
thrown [s\src\hotspot\share\interpreter\linkResolver.cpp, line 773]
Event: 7.823 Thread 0x0000029a78f896d0 Exception <a 'java/io/FileNotFoundException'{0x0000000086ce24b0}> (0x0000000086ce24b0) 
thrown [s\src\hotspot\share\prims\jni.cpp, line 520]
Event: 7.823 Thread 0x0000029a78f896d0 Exception <a 'java/io/FileNotFoundException'{0x0000000086ce8298}> (0x0000000086ce8298) 
thrown [s\src\hotspot\share\prims\jni.cpp, line 520]
Event: 7.829 Thread 0x0000029a78f896d0 Exception <a 'java/lang/NoSuchMethodError'{0x0000000086bb00c0}: 'void java.lang.invoke.Invokers$Holder.invokeExact_MT(java.lang.Object, java.lang.Object, java.lang.Object, java.lang.Object)'> (0x0000000086bb00c0) 
thrown [s\src\hotspot\share\interpreter\linkResolver.cpp, line 773]
Event: 7.868 Thread 0x0000029a78f896d0 Exception <a 'java/lang/IncompatibleClassChangeError'{0x00000000866306e8}: Found class java.lang.Object, but interface was expected> (0x00000000866306e8) 
thrown [s\src\hotspot\share\interpreter\linkResolver.cpp, line 840]
Event: 7.894 Thread 0x0000029a78f896d0 Exception <a 'java/lang/IncompatibleClassChangeError'{0x00000000865ffdc8}: Found class java.lang.Object, but interface was expected> (0x00000000865ffdc8) 
thrown [s\src\hotspot\share\interpreter\linkResolver.cpp, line 840]
Event: 8.175 Thread 0x0000029a78f896d0 Exception <a 'java/lang/IncompatibleClassChangeError'{0x0000000085cdfa68}: Found class java.lang.Object, but interface was expected> (0x0000000085cdfa68) 
thrown [s\src\hotspot\share\interpreter\linkResolver.cpp, line 840]
Event: 9.259 Thread 0x0000029a78f896d0 Exception <a 'java/lang/IncompatibleClassChangeError'{0x00000000895bd678}: Found class java.lang.Object, but interface was expected> (0x00000000895bd678) 
thrown [s\src\hotspot\share\interpreter\linkResolver.cpp, line 840]

ZGC Phase Switch (0 events):
No events

VM Operations (20 events):
Event: 8.755 Executing VM operation: G1PauseRemark done
Event: 8.769 Executing VM operation: G1PauseCleanup
Event: 8.769 Executing VM operation: G1PauseCleanup done
Event: 8.892 Executing VM operation: G1CollectForAllocation (G1 Evacuation Pause)
Event: 8.895 Executing VM operation: G1CollectForAllocation (G1 Evacuation Pause) done
Event: 8.958 Executing VM operation: G1CollectForAllocation (G1 Evacuation Pause)
Event: 8.966 Executing VM operation: G1CollectForAllocation (G1 Evacuation Pause) done
Event: 9.034 Executing VM operation: G1CollectForAllocation (G1 Evacuation Pause)
Event: 9.045 Executing VM operation: G1CollectForAllocation (G1 Evacuation Pause) done
Event: 9.076 Executing VM operation: G1PauseRemark
Event: 9.079 Executing VM operation: G1PauseRemark done
Event: 9.101 Executing VM operation: G1PauseCleanup
Event: 9.101 Executing VM operation: G1PauseCleanup done
Event: 9.109 Executing VM operation: G1CollectForAllocation (G1 Evacuation Pause)
Event: 9.112 Executing VM operation: G1CollectForAllocation (G1 Evacuation Pause) done
Event: 9.146 Executing VM operation: HandshakeAllThreads (Deoptimize)
Event: 9.146 Executing VM operation: HandshakeAllThreads (Deoptimize) done
Event: 9.304 Executing VM operation: G1CollectForAllocation (G1 Evacuation Pause)
Event: 9.308 Executing VM operation: G1CollectForAllocation (G1 Evacuation Pause) done
Event: 9.347 Executing VM operation: G1CollectForAllocation (G1 Evacuation Pause)

Memory protections (0 events):
No events

Nmethod flushes (20 events):
Event: 8.230 Thread 0x0000029a32d4e5b0 flushing  nmethod 0x0000029a2b191790
Event: 8.754 Thread 0x0000029a32d4e5b0 flushing  nmethod 0x0000029a2b1da990
Event: 8.754 Thread 0x0000029a32d4e5b0 flushing  nmethod 0x0000029a2b1f9590
Event: 8.754 Thread 0x0000029a32d4e5b0 flushing  nmethod 0x0000029a2b3f0490
Event: 8.754 Thread 0x0000029a32d4e5b0 flushing  nmethod 0x0000029a2b3f2890
Event: 8.754 Thread 0x0000029a32d4e5b0 flushing  nmethod 0x0000029a2b397310
Event: 8.754 Thread 0x0000029a32d4e5b0 flushing  nmethod 0x0000029a2b3ed090
Event: 8.754 Thread 0x0000029a32d4e5b0 flushing  nmethod 0x0000029a2a97bb90
Event: 8.754 Thread 0x0000029a32d4e5b0 flushing  nmethod 0x0000029a2b006a10
Event: 8.754 Thread 0x0000029a32d4e5b0 flushing  nmethod 0x0000029a2b3a5910
Event: 8.754 Thread 0x0000029a32d4e5b0 flushing  nmethod 0x0000029a2b205690
Event: 8.754 Thread 0x0000029a32d4e5b0 flushing  nmethod 0x0000029a2b414290
Event: 8.754 Thread 0x0000029a32d4e5b0 flushing  nmethod 0x0000029a2b19e610
Event: 8.754 Thread 0x0000029a32d4e5b0 flushing  nmethod 0x0000029a2b3d5a90
Event: 9.079 Thread 0x0000029a32d4e5b0 flushing  nmethod 0x0000029a2a989b10
Event: 9.079 Thread 0x0000029a32d4e5b0 flushing  nmethod 0x0000029a2a90fe90
Event: 9.079 Thread 0x0000029a32d4e5b0 flushing  nmethod 0x0000029a2ab83210
Event: 9.079 Thread 0x0000029a32d4e5b0 flushing  nmethod 0x0000029a2acc5490
Event: 9.079 Thread 0x0000029a32d4e5b0 flushing  nmethod 0x0000029a2a9fd210
Event: 9.079 Thread 0x0000029a32d4e5b0 flushing  nmethod 0x0000029a2ad0e210

Events (20 events):
Event: 4.712 Thread 0x0000029a78f8df00 Thread exited: 0x0000029a78f8df00
Event: 4.866 Thread 0x0000029a78f896d0 Thread added: 0x0000029a78f8a3f0
Event: 4.978 Thread 0x0000029a78f8a3f0 Thread added: 0x0000029a78f8df00
Event: 5.217 Thread 0x0000029a32d76790 Thread added: 0x0000029a78f8e590
Event: 5.220 Thread 0x0000029a78f8e590 Thread exited: 0x0000029a78f8e590
Event: 5.726 Thread 0x0000029a32d76790 Thread added: 0x0000029a78f89d60
Event: 5.732 Thread 0x0000029a78f89d60 Thread exited: 0x0000029a78f89d60
Event: 6.277 Thread 0x0000029a32d74030 Thread added: 0x0000029a78f8f2b0
Event: 6.295 Thread 0x0000029a78f8f2b0 Thread added: 0x0000029a78f89040
Event: 6.303 Thread 0x0000029a78f89040 Thread exited: 0x0000029a78f89040
Event: 6.806 Thread 0x0000029a32d76790 Thread added: 0x0000029a78f8e590
Event: 6.810 Thread 0x0000029a78f8e590 Thread exited: 0x0000029a78f8e590
Event: 7.312 Thread 0x0000029a32d76790 Thread added: 0x0000029a78f8b110
Event: 7.316 Thread 0x0000029a78f8b110 Thread exited: 0x0000029a78f8b110
Event: 7.819 Thread 0x0000029a32d76790 Thread added: 0x0000029a78f89d60
Event: 7.822 Thread 0x0000029a78f89d60 Thread exited: 0x0000029a78f89d60
Event: 8.349 Thread 0x0000029a32d76790 Thread added: 0x0000029a78f8ec20
Event: 8.362 Thread 0x0000029a78f8ec20 Thread exited: 0x0000029a78f8ec20
Event: 8.862 Thread 0x0000029a32d76790 Thread added: 0x0000029a78f8ec20
Event: 8.866 Thread 0x0000029a78f8ec20 Thread exited: 0x0000029a78f8ec20


Dynamic libraries:
0x00007ff667b50000 - 0x00007ff667b5e000 	C:\Users\pc\.jdks\ms-21.0.7\bin\java.exe
0x00007ffb27d70000 - 0x00007ffb27f68000 	C:\WINDOWS\SYSTEM32\ntdll.dll
0x00007ffb26820000 - 0x00007ffb268e2000 	C:\WINDOWS\System32\KERNEL32.DLL
0x00007ffb25930000 - 0x00007ffb25c26000 	C:\WINDOWS\System32\KERNELBASE.dll
0x00007ffb25690000 - 0x00007ffb25790000 	C:\WINDOWS\System32\ucrtbase.dll
0x00007ffb1f8c0000 - 0x00007ffb1f8dd000 	C:\Users\pc\.jdks\ms-21.0.7\bin\VCRUNTIME140.dll
0x00007ffb1f8e0000 - 0x00007ffb1f8f8000 	C:\Users\pc\.jdks\ms-21.0.7\bin\jli.dll
0x00007ffb25d90000 - 0x00007ffb25f2d000 	C:\WINDOWS\System32\USER32.dll
0x00007ffb255b0000 - 0x00007ffb255d2000 	C:\WINDOWS\System32\win32u.dll
0x00007ffb0ff50000 - 0x00007ffb101ea000 	C:\WINDOWS\WinSxS\amd64_microsoft.windows.common-controls_6595b64144ccf1df_6.0.19041.5915_none_60b4b9d171f9c7c7\COMCTL32.dll
0x00007ffb26960000 - 0x00007ffb2698b000 	C:\WINDOWS\System32\GDI32.dll
0x00007ffb25f30000 - 0x00007ffb25fce000 	C:\WINDOWS\System32\msvcrt.dll
0x00007ffb25810000 - 0x00007ffb25929000 	C:\WINDOWS\System32\gdi32full.dll
0x00007ffb25430000 - 0x00007ffb254cd000 	C:\WINDOWS\System32\msvcp_win.dll
0x00007ffb26150000 - 0x00007ffb2617f000 	C:\WINDOWS\System32\IMM32.DLL
0x00007ffb1f820000 - 0x00007ffb1f82c000 	C:\Users\pc\.jdks\ms-21.0.7\bin\vcruntime140_1.dll
0x00007ffb1f830000 - 0x00007ffb1f8bd000 	C:\Users\pc\.jdks\ms-21.0.7\bin\msvcp140.dll
0x00007ffaa8aa0000 - 0x00007ffaa9838000 	C:\Users\pc\.jdks\ms-21.0.7\bin\server\jvm.dll
0x00007ffb26990000 - 0x00007ffb26a41000 	C:\WINDOWS\System32\ADVAPI32.dll
0x00007ffb27c70000 - 0x00007ffb27d0f000 	C:\WINDOWS\System32\sechost.dll
0x00007ffb27540000 - 0x00007ffb27663000 	C:\WINDOWS\System32\RPCRT4.dll
0x00007ffb25400000 - 0x00007ffb25427000 	C:\WINDOWS\System32\bcrypt.dll
0x00007ffb268f0000 - 0x00007ffb2695b000 	C:\WINDOWS\System32\WS2_32.dll
0x00007ffb24a90000 - 0x00007ffb24adb000 	C:\WINDOWS\SYSTEM32\POWRPROF.dll
0x00007ffb19f90000 - 0x00007ffb19f9a000 	C:\WINDOWS\SYSTEM32\VERSION.dll
0x00007ffb103f0000 - 0x00007ffb10417000 	C:\WINDOWS\SYSTEM32\WINMM.dll
0x00007ffb24a70000 - 0x00007ffb24a82000 	C:\WINDOWS\SYSTEM32\UMPDC.dll
0x00007ffb23c20000 - 0x00007ffb23c32000 	C:\WINDOWS\SYSTEM32\kernel.appcore.dll
0x00007ffb1d100000 - 0x00007ffb1d10a000 	C:\Users\pc\.jdks\ms-21.0.7\bin\jimage.dll
0x00007ffb23170000 - 0x00007ffb23371000 	C:\WINDOWS\SYSTEM32\DBGHELP.DLL
0x00007ffb0c760000 - 0x00007ffb0c794000 	C:\WINDOWS\SYSTEM32\dbgcore.DLL
0x00007ffb254d0000 - 0x00007ffb25552000 	C:\WINDOWS\System32\bcryptPrimitives.dll
0x00007ffb1d0f0000 - 0x00007ffb1d0ff000 	C:\Users\pc\.jdks\ms-21.0.7\bin\instrument.dll
0x00007ffb1d080000 - 0x00007ffb1d0a0000 	C:\Users\pc\.jdks\ms-21.0.7\bin\java.dll
0x00007ffb26ae0000 - 0x00007ffb2724e000 	C:\WINDOWS\System32\SHELL32.dll
0x00007ffb23460000 - 0x00007ffb23c04000 	C:\WINDOWS\SYSTEM32\windows.storage.dll
0x00007ffb261e0000 - 0x00007ffb26533000 	C:\WINDOWS\System32\combase.dll
0x00007ffb24e30000 - 0x00007ffb24e5b000 	C:\WINDOWS\SYSTEM32\Wldp.dll
0x00007ffb27470000 - 0x00007ffb2753d000 	C:\WINDOWS\System32\OLEAUT32.dll
0x00007ffb26770000 - 0x00007ffb2681d000 	C:\WINDOWS\System32\SHCORE.dll
0x00007ffb26710000 - 0x00007ffb2676b000 	C:\WINDOWS\System32\shlwapi.dll
0x00007ffb25330000 - 0x00007ffb25354000 	C:\WINDOWS\SYSTEM32\profapi.dll
0x00007ffb19610000 - 0x00007ffb19628000 	C:\Users\pc\.jdks\ms-21.0.7\bin\zip.dll
0x00007ffb1a990000 - 0x00007ffb1a9a0000 	C:\Users\pc\.jdks\ms-21.0.7\bin\net.dll
0x00007ffb1c0a0000 - 0x00007ffb1c1aa000 	C:\WINDOWS\SYSTEM32\WINHTTP.dll
0x00007ffb24b90000 - 0x00007ffb24bfa000 	C:\WINDOWS\system32\mswsock.dll
0x00007ffb1a950000 - 0x00007ffb1a966000 	C:\Users\pc\.jdks\ms-21.0.7\bin\nio.dll
0x00007ffb24840000 - 0x00007ffb2490a000 	C:\WINDOWS\SYSTEM32\DNSAPI.dll
0x00007ffb24800000 - 0x00007ffb2483b000 	C:\WINDOWS\SYSTEM32\IPHLPAPI.DLL
0x00007ffb26a50000 - 0x00007ffb26a58000 	C:\WINDOWS\System32\NSI.dll
0x00007ffb1a980000 - 0x00007ffb1a989000 	C:\Users\pc\.jdks\ms-21.0.7\bin\extnet.dll
0x00007ffb11830000 - 0x00007ffb1183a000 	C:\Windows\System32\rasadhlp.dll
0x00007ffb11850000 - 0x00007ffb118d0000 	C:\WINDOWS\System32\fwpuclnt.dll
0x00007ffb1a940000 - 0x00007ffb1a94a000 	C:\Users\pc\.jdks\ms-21.0.7\bin\management.dll
0x00007ffb109f0000 - 0x00007ffb109fb000 	C:\Users\pc\.jdks\ms-21.0.7\bin\management_ext.dll
0x00007ffb27250000 - 0x00007ffb27258000 	C:\WINDOWS\System32\PSAPI.DLL
0x00007ffb24d80000 - 0x00007ffb24d98000 	C:\WINDOWS\SYSTEM32\CRYPTSP.dll
0x00007ffb243e0000 - 0x00007ffb24418000 	C:\WINDOWS\system32\rsaenh.dll
0x00007ffb252b0000 - 0x00007ffb252de000 	C:\WINDOWS\SYSTEM32\USERENV.dll
0x00007ffb24da0000 - 0x00007ffb24dac000 	C:\WINDOWS\SYSTEM32\CRYPTBASE.dll
0x00007ffafff20000 - 0x00007ffafff37000 	C:\WINDOWS\system32\napinsp.dll
0x00007ffafff00000 - 0x00007ffafff1b000 	C:\WINDOWS\system32\pnrpnsp.dll
0x00007ffb00090000 - 0x00007ffb000ad000 	C:\WINDOWS\system32\wshbth.dll
0x00007ffb1f230000 - 0x00007ffb1f24d000 	C:\WINDOWS\system32\NLAapi.dll
0x00007ffafffa0000 - 0x00007ffafffb2000 	C:\WINDOWS\System32\winrnr.dll
0x00007ffb09550000 - 0x00007ffb095a1000 	C:\WINDOWS\SYSTEM32\pdh.dll
0x00007ffb1f990000 - 0x00007ffb1f99f000 	C:\WINDOWS\System32\perfproc.dll
0x00007ffb1f7c0000 - 0x00007ffb1f7cf000 	C:\WINDOWS\System32\perfos.dll
0x00007ffb109e0000 - 0x00007ffb109ee000 	C:\Users\pc\.jdks\ms-21.0.7\bin\sunmscapi.dll
0x00007ffb25c30000 - 0x00007ffb25d8d000 	C:\WINDOWS\System32\CRYPT32.dll
0x00007ffb24ea0000 - 0x00007ffb24ec7000 	C:\WINDOWS\SYSTEM32\ncrypt.dll
0x00007ffb24e60000 - 0x00007ffb24e9b000 	C:\WINDOWS\SYSTEM32\NTASN1.dll
0x00007ffb109d0000 - 0x00007ffb109e0000 	C:\Users\pc\.jdks\ms-21.0.7\bin\verify.dll

dbghelp: loaded successfully - version: 4.0.5 - missing functions: none
symbol engine: initialized successfully - sym options: 0x614 - pdb path: .;C:\Users\pc\.jdks\ms-21.0.7\bin;C:\WINDOWS\SYSTEM32;C:\WINDOWS\WinSxS\amd64_microsoft.windows.common-controls_6595b64144ccf1df_6.0.19041.5915_none_60b4b9d171f9c7c7;C:\Users\pc\.jdks\ms-21.0.7\bin\server

VM Arguments:
jvm_args: -XX:TieredStopAtLevel=1 -Dspring.output.ansi.enabled=always -Dcom.sun.management.jmxremote -Dspring.jmx.enabled=true -Dspring.liveBeansView.mbeanDomain -Dspring.application.admin.enabled=true -Dmanagement.endpoints.jmx.exposure.include=* -javaagent:C:\Program Files\JetBrains\IntelliJ IDEA 2024.3.4.1\lib\idea_rt.jar=58038 -Dfile.encoding=UTF-8 -Dsun.stdout.encoding=UTF-8 -Dsun.stderr.encoding=UTF-8 
java_command: com.example.datn.DatnApplication
java_class_path (initial): C:\Users\pc\IdeaProjects\DATN\target\classes;C:\Users\pc\.m2\repository\org\springframework\boot\spring-boot-starter-web\3.5.0\spring-boot-starter-web-3.5.0.jar;C:\Users\pc\.m2\repository\org\springframework\boot\spring-boot-starter\3.5.0\spring-boot-starter-3.5.0.jar;C:\Users\pc\.m2\repository\org\springframework\boot\spring-boot-starter-logging\3.5.0\spring-boot-starter-logging-3.5.0.jar;C:\Users\pc\.m2\repository\ch\qos\logback\logback-classic\1.5.18\logback-classic-1.5.18.jar;C:\Users\pc\.m2\repository\ch\qos\logback\logback-core\1.5.18\logback-core-1.5.18.jar;C:\Users\pc\.m2\repository\org\apache\logging\log4j\log4j-to-slf4j\2.24.3\log4j-to-slf4j-2.24.3.jar;C:\Users\pc\.m2\repository\org\apache\logging\log4j\log4j-api\2.24.3\log4j-api-2.24.3.jar;C:\Users\pc\.m2\repository\org\slf4j\jul-to-slf4j\2.0.17\jul-to-slf4j-2.0.17.jar;C:\Users\pc\.m2\repository\jakarta\annotation\jakarta.annotation-api\2.1.1\jakarta.annotation-api-2.1.1.jar;C:\Users\pc\.m2\repository\org\yaml\snakeyaml\2.4\snakeyaml-2.4.jar;C:\Users\pc\.m2\repository\org\springframework\boot\spring-boot-starter-json\3.5.0\spring-boot-starter-json-3.5.0.jar;C:\Users\pc\.m2\repository\com\fasterxml\jackson\core\jackson-databind\2.19.0\jackson-databind-2.19.0.jar;C:\Users\pc\.m2\repository\com\fasterxml\jackson\core\jackson-annotations\2.19.0\jackson-annotations-2.19.0.jar;C:\Users\pc\.m2\repository\com\fasterxml\jackson\core\jackson-core\2.19.0\jackson-core-2.19.0.jar;C:\Users\pc\.m2\repository\com\fasterxml\jackson\datatype\jackson-datatype-jdk8\2.19.0\jackson-datatype-jdk8-2.19.0.jar;C:\Users\pc\.m2\repository\com\fasterxml\jackson\datatype\jackson-datatype-jsr310\2.19.0\jackson-datatype-jsr310-2.19.0.jar;C:\Users\pc\.m2\repository\com\fasterxml\jackson\module\jackson-module-parameter-names\2.19.0\jackson-module-parameter-names-2.19.0.jar;C:\Users\pc\.m2\repository\org\springframework\boot\spring-boot-starter-tomcat\3.5.0\spring-boot-starter-tomcat-3.5.0.jar;C:\Users\pc\.m2\repository\org\apache\tomcat\embed\tomcat-embed-core\10.1.41\tomcat-embed-core-10.1.41.jar;C:\Users\pc\.m2\repository\org\apache\tomcat\embed\tomcat-embed-websocket\10.1.41\tomcat-embed-websocket-10.1.41.jar;C:\Users\pc\.m2\repository\org\springframework\spring-web\6.2.7\spring-web-6.2.7.jar;C:\Users\pc\.m2\repository\org\springframework\spring-beans\6.2.7\spring-beans-6.2.7.jar;C:\Users\pc\.m2\repository\io\micrometer\micrometer-observation\1.15.0\micrometer-observation-1.15.0.jar;C:\Users\pc\.m2\repository\io\micrometer\micrometer-commons\1.15.0\micrometer-commons-1.15.0.jar;C:\Users\pc\.m2\repository\org\springframework\spring-webmvc\6.2.7\spring-webmvc-6.2.7.jar;C:\Users\pc\.m2\repository\org\springframework\spring-context\6.2.7\spring-context-6.2.7.jar;C:\Users\pc\.m2\repository\org\springframework\spring-expression\6.2.7\spring-expression-6.2.7.jar;C:\Users\pc\.m2\repository\org\springframework\boot\spring-boot-starter-validation\3.5.0\spring-boot-starter-validation-3.5.0.jar;C:\Users\pc\.m2\repository\org\apache\tomcat\embed\tomcat-embed-el\10.1.41\tomcat-embed-el-10.1.41.jar;C:\Users\pc\.m2\repository\org\hibernate\validator\hibernate-validator\8.0.2.Final\hibernate-validator-8.0.2.Final.jar;C:\Users\pc\.m2\repository\jakarta\validation\jakarta.validation-api\3.0.2\jakarta.validation-api-3.0.2.jar;C:\Users\pc\.m2\repository\org\jboss\logging\jboss-logging\3.6.1.Final\jboss-logging-3.6.1.Final.jar;C:\Users\pc\.m2\repository\com\fasterxml\classmate\1.7.0\classmate-1.7.0.jar;C:\Users\pc\.m2\repository\org\springframework\boot\spring-boot-starter-data-jpa\3.5.0\spring-boot-starter-data-jpa-3.5.0.jar;C:\Users\pc\.m2\repository\org\springframework\boot\spring-boot-starter-jdbc\3.5.0\spring-boot-starter-jdbc-3.5.0.jar;C:\Users\pc\.m2\repository\com\zaxxer\HikariCP\6.3.0\HikariCP-6.3.0.jar;C:\Users\pc\.m2\repository\org\springframework\spring-jdbc\6.2.7\spring-jdbc-6.2.7.jar;C:\Users\pc\.m2\repository\org\hibernate\orm\hibernate-core\6.6.15.Final\hibernate-core-6.6.15.Final.jar;C:\Users\pc\.m2\repository\jakarta\persistence\jakarta.persistence-api\3.1.0\jakarta.persistence-api-3.1.0.jar;C:\Users\pc\.m2\repository\jakarta\transaction\jakarta.transaction-api\2.0.1\jakarta.transaction-api-2.0.1.jar;C:\Users\pc\.m2\repository\org\hibernate\common\hibernate-commons-annotations\7.0.3.Final\hibernate-commons-annotations-7.0.3.Final.jar;C:\Users\pc\.m2\repository\io\smallrye\jandex\3.2.0\jandex-3.2.0.jar;C:\Users\pc\.m2\repository\net\bytebuddy\byte-buddy\1.17.5\byte-buddy-1.17.5.jar;C:\Users\pc\.m2\repository\org\glassfish\jaxb\jaxb-runtime\4.0.5\jaxb-runtime-4.0.5.jar;C:\Users\pc\.m2\repository\org\glassfish\jaxb\jaxb-core\4.0.5\jaxb-core-4.0.5.jar;C:\Users\pc\.m2\repository\org\glassfish\jaxb\txw2\4.0.5\txw2-4.0.5.jar;C:\Users\pc\.m2\repository\com\sun\istack\istack-commons-runtime\4.1.2\istack-commons-runtime-4.1.2.jar;C:\Users\pc\.m2\repository\jakarta\inject\jakarta.inject-api\2.0.1\jakarta.inject-api-2.0.1.jar;C:\Users\pc\.m2\repository\org\antlr\antlr4-runtime\4.13.0\antlr4-runtime-4.13.0.jar;C:\Users\pc\.m2\repository\org\springframework\data\spring-data-jpa\3.5.0\spring-data-jpa-3.5.0.jar;C:\Users\pc\.m2\repository\org\springframework\data\spring-data-commons\3.5.0\spring-data-commons-3.5.0.jar;C:\Users\pc\.m2\repository\org\springframework\spring-orm\6.2.7\spring-orm-6.2.7.jar;C:\Users\pc\.m2\repository\org\springframework\spring-tx\6.2.7\spring-tx-6.2.7.jar;C:\Users\pc\.m2\repository\org\slf4j\slf4j-api\2.0.17\slf4j-api-2.0.17.jar;C:\Users\pc\.m2\repository\org\springframework\spring-aspects\6.2.7\spring-aspects-6.2.7.jar;C:\Users\pc\.m2\repository\org\aspectj\aspectjweaver\1.9.24\aspectjweaver-1.9.24.jar;C:\Users\pc\.m2\repository\com\mysql\mysql-connector-j\9.2.0\mysql-connector-j-9.2.0.jar;C:\Users\pc\.m2\repository\io\github\wimdeblauwe\error-handling-spring-boot-starter\4.6.0\error-handling-spring-boot-starter-4.6.0.jar;C:\Users\pc\.m2\repository\com\itextpdf\itextpdf\5.5.13.2\itextpdf-5.5.13.2.jar;C:\Users\pc\.m2\repository\org\springdoc\springdoc-openapi-starter-webmvc-ui\2.8.6\springdoc-openapi-starter-webmvc-ui-2.8.6.jar;C:\Users\pc\.m2\repository\org\springdoc\springdoc-openapi-starter-webmvc-api\2.8.6\springdoc-openapi-starter-webmvc-api-2.8.6.jar;C:\Users\pc\.m2\repository\org\springdoc\springdoc-openapi-starter-common\2.8.6\springdoc-openapi-starter-common-2.8.6.jar;C:\Users\pc\.m2\repository\io\swagger\core\v3\swagger-core-jakarta\2.2.29\swagger-core-jakarta-2.2.29.jar;C:\Users\pc\.m2\repository\io\swagger\core\v3\swagger-annotations-jakarta\2.2.29\swagger-annotations-jakarta-2.2.29.jar;C:\Users\pc\.m2\repository\io\swagger\core\v3\swagger-models-jakarta\2.2.29\swagger-models-jakarta-2.2.29.jar;C:\Users\pc\.m2\repository\com\fasterxml\jackson\dataformat\jackson-dataformat-yaml\2.19.0\jackson-dataformat-yaml-2.19.0.jar;C:\Users\pc\.m2\repository\org\webjars\swagger-ui\5.20.1\swagger-ui-5.20.1.jar;C:\Users\pc\.m2\repository\org\webjars\webjars-locator-lite\1.1.0\webjars-locator-lite-1.1.0.jar;C:\Users\pc\.m2\repository\org\jspecify\jspecify\1.0.0\jspecify-1.0.0.jar;C:\Users\pc\.m2\repository\org\apache\commons\commons-lang3\3.17.0\commons-lang3-3.17.0.jar;C:\Users\pc\.m2\repository\org\projectlombok\lombok\1.18.38\lombok-1.18.38.jar;C:\Users\pc\.m2\repository\org\springframework\boot\spring-boot-devtools\3.5.0\spring-boot-devtools-3.5.0.jar;C:\Users\pc\.m2\repository\org\springframework\boot\spring-boot\3.5.0\spring-boot-3.5.0.jar;C:\Users\pc\.m2\repository\org\springframework\boot\spring-boot-autoconfigure\3.5.0\spring-boot-autoconfigure-3.5.0.jar;C:\Users\pc\.m2\repository\jakarta\xml\bind\jakarta.xml.bind-api\4.0.2\jakarta.xml.bind-api-4.0.2.jar;C:\Users\pc\.m2\repository\org\springframework\spring-core\6.2.7\spring-core-6.2.7.jar;C:\Users\pc\.m2\repository\org\springframework\spring-jcl\6.2.7\spring-jcl-6.2.7.jar;C:\Users\pc\.m2\repository\org\springframework\boot\spring-boot-starter-security\3.5.0\spring-boot-starter-security-3.5.0.jar;C:\Users\pc\.m2\repository\org\springframework\spring-aop\6.2.7\spring-aop-6.2.7.jar;C:\Users\pc\.m2\repository\org\springframework\security\spring-security-config\6.5.0\spring-security-config-6.5.0.jar;C:\Users\pc\.m2\repository\org\springframework\security\spring-security-core\6.5.0\spring-security-core-6.5.0.jar;C:\Users\pc\.m2\repository\org\springframework\security\spring-security-crypto\6.5.0\spring-security-crypto-6.5.0.jar;C:\Users\pc\.m2\repository\org\springframework\security\spring-security-web\6.5.0\spring-security-web-6.5.0.jar;C:\Users\pc\.m2\repository\org\springframework\boot\spring-boot-configuration-processor\3.5.0\spring-boot-configuration-processor-3.5.0.jar;C:\Users\pc\.m2\repository\org\mapstruct\mapstruct\1.5.5.Final\mapstruct-1.5.5.Final.jar;C:\Users\pc\.m2\repository\org\mapstruct\mapstruct-processor\1.5.5.Final\mapstruct-processor-1.5.5.Final.jar;C:\Users\pc\.m2\repository\org\springframework\boot\spring-boot-starter-mail\3.5.0\spring-boot-starter-mail-3.5.0.jar;C:\Users\pc\.m2\repository\org\springframework\spring-context-support\6.2.7\spring-context-support-6.2.7.jar;C:\Users\pc\.m2\repository\org\eclipse\angus\jakarta.mail\2.0.3\jakarta.mail-2.0.3.jar;C:\Users\pc\.m2\repository\org\eclipse\angus\angus-activation\2.0.2\angus-activation-2.0.2.jar;C:\Users\pc\.m2\repository\jakarta\mail\jakarta.mail-api\2.1.0\jakarta.mail-api-2.1.0.jar;C:\Users\pc\.m2\repository\jakarta\activation\jakarta.activation-api\2.1.3\jakarta.activation-api-2.1.3.jar
Launcher Type: SUN_STANDARD

[Global flags]
     intx CICompilerCount                          = 4                                         {product} {ergonomic}
     uint ConcGCThreads                            = 3                                         {product} {ergonomic}
     uint G1ConcRefinementThreads                  = 10                                        {product} {ergonomic}
   size_t G1HeapRegionSize                         = 1048576                                   {product} {ergonomic}
    uintx GCDrainStackTargetSize                   = 64                                        {product} {ergonomic}
   size_t InitialHeapSize                          = 132120576                                 {product} {ergonomic}
     bool ManagementServer                         = true                                      {product} {command line}
   size_t MarkStackSize                            = 4194304                                   {product} {ergonomic}
   size_t MaxHeapSize                              = 2090860544                                {product} {ergonomic}
   size_t MaxNewSize                               = 1254096896                                {product} {ergonomic}
   size_t MinHeapDeltaBytes                        = 1048576                                   {product} {ergonomic}
   size_t MinHeapSize                              = 8388608                                   {product} {ergonomic}
    uintx NonNMethodCodeHeapSize                   = 4096                                   {pd product} {ergonomic}
    uintx NonProfiledCodeHeapSize                  = 0                                      {pd product} {ergonomic}
     bool ProfileInterpreter                       = false                                  {pd product} {command line}
    uintx ProfiledCodeHeapSize                     = 0                                      {pd product} {ergonomic}
   size_t SoftMaxHeapSize                          = 2090860544                             {manageable} {ergonomic}
     intx TieredStopAtLevel                        = 1                                         {product} {command line}
     bool UseCompressedOops                        = true                           {product lp64_product} {ergonomic}
     bool UseG1GC                                  = true                                      {product} {ergonomic}
     bool UseLargePagesIndividualAllocation        = false                                  {pd product} {ergonomic}

Logging:
Log output configuration:
 #0: stdout all=warning uptime,level,tags foldmultilines=false
 #1: stderr all=off uptime,level,tags foldmultilines=false

Environment Variables:
PATH=C:\Program Files\Common Files\Oracle\Java\javapath;C:\WINDOWS\system32;C:\WINDOWS;C:\WINDOWS\System32\Wbem;C:\WINDOWS\System32\WindowsPowerShell\v1.0\;C:\WINDOWS\System32\OpenSSH\;C:\Program Files\Cloudflare\Cloudflare WARP\;C:\Users\pc\AppData\Local\Programs\Python\Python39\;C:\Users\pc\AppData\Local\Programs\Python\Python39\Scripts\;C:\Program Files (x86)\Microsoft SQL Server\160\Tools\Binn\;C:\Program Files\Microsoft SQL Server\160\Tools\Binn\;C:\Program Files\Microsoft SQL Server\Client SDK\ODBC\170\Tools\Binn\;C:\Program Files\Microsoft SQL Server\160\DTS\Binn\;C:\Program Files (x86)\Microsoft SQL Server\160\DTS\Binn\;C:\Program Files\nodejs\;C:\Program Files\Apache\apache-maven-3.9.9\bin;C:\Program Files\Git\cmd;C:\Users\pc\AppData\Local\Microsoft\WindowsApps;C:\Users\pc\AppData\Local\Programs\Microsoft VS Code\bin;C:\Users\pc\AppData\Roaming\npm;C:\Users\pc\AppData\Local\GitHubDesktop\bin
USERNAME=pc
OS=Windows_NT
PROCESSOR_IDENTIFIER=Intel64 Family 6 Model 141 Stepping 1, GenuineIntel
TMP=C:\Users\pc\AppData\Local\Temp
TEMP=C:\Users\pc\AppData\Local\Temp




Periodic native trim disabled

---------------  S Y S T E M  ---------------

OS:
 Windows 10 , 64 bit Build 19041 (10.0.19041.5915)
OS uptime: 0 days 8:41 hours

CPU: total 12 (initial active 12) (6 cores per cpu, 2 threads per core) family 6 model 141 stepping 1 microcode 0x3c, cx8, cmov, fxsr, ht, mmx, 3dnowpref, sse, sse2, sse3, ssse3, sse4.1, sse4.2, popcnt, lzcnt, tsc, tscinvbit, avx, avx2, aes, erms, clmul, bmi1, bmi2, adx, avx512f, avx512dq, avx512cd, avx512bw, avx512vl, sha, fma, vzeroupper, avx512_vpopcntdq, avx512_vpclmulqdq, avx512_vaes, avx512_vnni, clflush, clflushopt, clwb, avx512_vbmi2, avx512_vbmi, rdtscp, rdpid, fsrm, gfni, avx512_bitalg, f16c, pku, cet_ibt, cet_ss, avx512_ifma
Processor Information for the first 12 processors :
  Max Mhz: 2688, Current Mhz: 2688, Mhz Limit: 2688

Memory: 4k page, system-wide physical 7971M (281M free)
TotalPageFile size 20839M (AvailPageFile size 29M)
current process WorkingSet (physical memory assigned to process): 282M, peak: 282M
current process commit charge ("private bytes"): 352M, peak: 432M

vm_info: OpenJDK 64-Bit Server VM (21.0.7+6-LTS) for windows-amd64 JRE (21.0.7+6-LTS), built on 2025-04-09T22:17:25Z by "MicrosoftCorporation" with unknown MS VC++:1939

END.
